#
# There is insufficient memory for the Java Runtime Environment to continue.
# Native memory allocation (malloc) failed to allocate 32744 bytes for ChunkPool::allocate
# Possible reasons:
#   The system is out of physical RAM or swap space
#   The process is running with CompressedOops enabled, and the Java Heap may be blocking the growth of the native heap
# Possible solutions:
#   Reduce memory load on the system
#   Increase physical memory or swap space
#   Check if swap backing store is full
#   Decrease Java heap size (-Xmx/-Xms)
#   Decrease number of Java threads
#   Decrease Java thread stack sizes (-Xss)
#   Set larger code cache with -XX:ReservedCodeCacheSize=
#   JVM is running with Zero Based Compressed Oops mode in which the Java heap is
#     placed in the first 32GB address space. The Java Heap base address is the
#     maximum limit for the native heap growth. Please use -XX:HeapBaseMinAddress
#     to set the Java Heap base and to place the Java Heap above 32GB virtual address.
# This output file may be truncated or incomplete.
#
#  Out of Memory Error (./src/hotspot/share/memory/arena.cpp:81), pid=9792, tid=22056
#
# JRE version: OpenJDK Runtime Environment 18.9 (11.0.11+9) (build 11.0.11+9)
# Java VM: OpenJDK 64-Bit Server VM 18.9 (11.0.11+9, mixed mode, tiered, compressed oops, g1 gc, windows-amd64)
# No core dump will be written. Minidumps are not enabled by default on client versions of Windows
#

---------------  S U M M A R Y ------------

Command Line: -Dsun.java2d.pmoffscreen=false -Dhttps.protocols=TLSv1,TLSv1.1,TLSv1.2 -Dsun.java2d.xrender=false -Dsun.java2d.d3d=false -Dsun.awt.nopixfmt=true -Dsun.java2d.dpiaware=true -Dsun.java2d.uiScale.enabled=false -Xverify:none -Dswing.aatext=true -XX:-UsePerfData -Djdk.map.althashing.threshold=512 -XX:StringTableSize=4072 --add-opens=java.desktop/com.sun.awt=ALL-UNNAMED --add-opens=java.desktop/javax.swing.plaf.synth=ALL-UNNAMED --add-opens=java.base/java.nio=ALL-UNNAMED --add-opens=java.desktop/sun.swing=ALL-UNNAMED --add-opens=java.desktop/javax.swing=ALL-UNNAMED --add-opens=java.desktop/javax.swing.tree=ALL-UNNAMED --add-opens=java.desktop/javax.swing.plaf.basic=ALL-UNNAMED --add-opens=java.desktop/javax.swing.plaf.synth=ALL-UNNAMED --add-opens=java.desktop/javax.swing.plaf.basic=ALL-UNNAMED --add-opens=java.desktop/javax.swing=ALL-UNNAMED --add-opens=java.desktop/javax.swing.tree=ALL-UNNAMED --add-opens=java.desktop/java.awt.event=ALL-UNNAMED --add-exports=java.desktop/javax.swing.plaf.synth=ALL-UNNAMED --add-exports=java.base/java.nio=ALL-UNNAMED --add-exports=java.desktop/sun.swing=ALL-UNNAMED --add-exports=java.desktop/javax.swing=ALL-UNNAMED --add-exports=java.desktop/javax.swing.tree=ALL-UNNAMED --add-exports=java.desktop/javax.swing.plaf.basic=ALL-UNNAMED --add-exports=java.desktop/sun.swing=ALL-UNNAMED --add-exports=java.desktop/sun.swing.table=ALL-UNNAMED --add-exports=java.desktop/sun.swing.plaf.synth=ALL-UNNAMED --add-exports=java.desktop/sun.awt.shell=ALL-UNNAMED --add-exports=java.base/sun.security.action=ALL-UNNAMED --add-exports=java.desktop/sun.font=ALL-UNNAMED -XX:NewSize=60m -XX:MaxNewSize=60m -Xms256m -Xmx3072m -Xss5m 

Host: Intel(R) Core(TM) i7-7600U CPU @ 2.80GHz, 4 cores, 15G,  Windows 10 , 64 bit Build 19041 (10.0.19041.2546)
Time: Tue Mar 21 09:52:44 2023 India Standard Time elapsed time: 127.556508 seconds (0d 0h 2m 7s)

---------------  T H R E A D  ---------------

Current thread (0x000001946eea0800):  JavaThread "C2 CompilerThread0" daemon [_thread_in_native, id=22056, stack(0x0000005da4f00000,0x0000005da5000000)]


Current CompileTask:
C2: 127556 9206       4       javax.swing.text.GlyphView::getPreferredSpan (125 bytes)

Stack: [0x0000005da4f00000,0x0000005da5000000]
Native frames: (J=compiled Java code, j=interpreted, Vv=VM code, C=native code)
V  [jvm.dll+0x64fe7a]
V  [jvm.dll+0x792d3e]
V  [jvm.dll+0x79442c]
V  [jvm.dll+0x794ae3]
V  [jvm.dll+0x2623f8]
V  [jvm.dll+0xc61cb]
V  [jvm.dll+0xc652c]
V  [jvm.dll+0x5dc351]
V  [jvm.dll+0x5dc4fe]
V  [jvm.dll+0x5e0e3e]
V  [jvm.dll+0x5e15aa]
V  [jvm.dll+0x5e02de]
V  [jvm.dll+0x21b31d]
V  [jvm.dll+0x21a64a]
V  [jvm.dll+0x198b9c]
V  [jvm.dll+0x229bf4]
V  [jvm.dll+0x227e51]
V  [jvm.dll+0x753b00]
V  [jvm.dll+0x74c7ad]
V  [jvm.dll+0x64eb36]
C  [ucrtbase.dll+0x21bb2]
C  [KERNEL32.DLL+0x17614]
C  [ntdll.dll+0x526a1]


---------------  P R O C E S S  ---------------

Threads class SMR info:
_java_thread_list=0x000001942c79add0, length=24, elements={
0x000001946e4ae000, 0x000001946ee7c000, 0x000001946ee86000, 0x000001946ee9b800,
0x000001946ee9c800, 0x000001946ee9d800, 0x000001946eea0800, 0x000001946eea4000,
0x000001946ef02800, 0x00000194110c4800, 0x000001941161f800, 0x000001941195f800,
0x0000019413279800, 0x0000019411dfe000, 0x00000194132a2800, 0x000001941353c800,
0x0000019411f74800, 0x0000019414533000, 0x000001941452d000, 0x0000019414530800,
0x0000019414531800, 0x0000019414533800, 0x000001941452f000, 0x000001942931d800
}

Java Threads: ( => current thread )
  0x000001946e4ae000 JavaThread "main" [_thread_blocked, id=5048, stack(0x0000005da2f00000,0x0000005da3000000)]
  0x000001946ee7c000 JavaThread "Reference Handler" daemon [_thread_blocked, id=4464, stack(0x0000005da3600000,0x0000005da3b00000)]
  0x000001946ee86000 JavaThread "Finalizer" daemon [_thread_blocked, id=20440, stack(0x0000005da3b00000,0x0000005da4000000)]
  0x000001946ee9b800 JavaThread "Signal Dispatcher" daemon [_thread_blocked, id=3076, stack(0x0000005da4000000,0x0000005da4500000)]
  0x000001946ee9c800 JavaThread "Attach Listener" daemon [_thread_blocked, id=6700, stack(0x0000005da4500000,0x0000005da4a00000)]
  0x000001946ee9d800 JavaThread "Service Thread" daemon [_thread_blocked, id=10628, stack(0x0000005da4a00000,0x0000005da4f00000)]
=>0x000001946eea0800 JavaThread "C2 CompilerThread0" daemon [_thread_in_native, id=22056, stack(0x0000005da4f00000,0x0000005da5000000)]
  0x000001946eea4000 JavaThread "C1 CompilerThread0" daemon [_thread_blocked, id=16108, stack(0x0000005da5000000,0x0000005da5100000)]
  0x000001946ef02800 JavaThread "Sweeper thread" daemon [_thread_blocked, id=13104, stack(0x0000005da5100000,0x0000005da5600000)]
  0x00000194110c4800 JavaThread "Common-Cleaner" daemon [_thread_blocked, id=21940, stack(0x0000005da5600000,0x0000005da5b00000)]
  0x000001941161f800 JavaThread "Java2D Disposer" daemon [_thread_blocked, id=12012, stack(0x0000005da5c00000,0x0000005da6100000)]
  0x000001941195f800 JavaThread "AWT-Windows" daemon [_thread_in_native, id=17856, stack(0x0000005da6600000,0x0000005da6b00000)]
  0x0000019413279800 JavaThread "TimerQueue" daemon [_thread_blocked, id=20248, stack(0x0000005da6b00000,0x0000005da7000000)]
  0x0000019411dfe000 JavaThread "AWT-Shutdown" [_thread_blocked, id=4884, stack(0x0000005da7500000,0x0000005da7a00000)]
  0x00000194132a2800 JavaThread "AWT-EventQueue-0" [_thread_blocked, id=18744, stack(0x0000005da7a00000,0x0000005da7f00000)]
  0x000001941353c800 JavaThread "Thread-1" [_thread_in_native, id=9444, stack(0x0000005da1600000,0x0000005da2a00000)]
  0x0000019411f74800 JavaThread "Process Messages Thread" [_thread_blocked, id=11148, stack(0x0000005da8400000,0x0000005da8900000)]
  0x0000019414533000 JavaThread "Batik CleanerThread" daemon [_thread_blocked, id=972, stack(0x0000005da8900000,0x0000005da8e00000)]
  0x000001941452d000 JavaThread "SyntheticaCleanerThread" daemon [_thread_blocked, id=15572, stack(0x0000005da9300000,0x0000005da9800000)]
  0x0000019414530800 JavaThread "Monitor HEventQueue Thread" [_thread_blocked, id=8244, stack(0x0000005da9800000,0x0000005da9d00000)]
  0x0000019414531800 JavaThread "SyntheticaAnimation 50" daemon [_thread_blocked, id=844, stack(0x0000005da9d00000,0x0000005daa200000)]
  0x0000019414533800 JavaThread "SyntheticaAnimation 25" daemon [_thread_blocked, id=21988, stack(0x0000005daa200000,0x0000005daa700000)]
  0x000001941452f000 JavaThread "SyntheticaAnimation 70" daemon [_thread_blocked, id=4160, stack(0x0000005daac00000,0x0000005dab100000)]
  0x000001942931d800 JavaThread "C2 CompilerThread1" daemon [_thread_in_native, id=11404, stack(0x0000005da1300000,0x0000005da1400000)]

Other Threads:
  0x000001946ee76800 VMThread "VM Thread" [stack: 0x0000005da3500000,0x0000005da3600000] [id=22204]
  0x00000194110c5000 WatcherThread [stack: 0x0000005da5b00000,0x0000005da5c00000] [id=20876]
  0x000001946e3ce000 GCTaskThread "GC Thread#0" [stack: 0x0000005da3000000,0x0000005da3100000] [id=17128]
  0x0000019412ca6800 GCTaskThread "GC Thread#1" [stack: 0x0000005da6100000,0x0000005da6200000] [id=17468]
  0x0000019412b44800 GCTaskThread "GC Thread#2" [stack: 0x0000005da6200000,0x0000005da6300000] [id=8676]
  0x0000019412b45000 GCTaskThread "GC Thread#3" [stack: 0x0000005da6300000,0x0000005da6400000] [id=6488]
  0x000001946e779800 ConcurrentGCThread "G1 Main Marker" [stack: 0x0000005da3100000,0x0000005da3200000] [id=15024]
  0x000001946ebf7000 ConcurrentGCThread "G1 Conc#0" [stack: 0x0000005da3200000,0x0000005da3300000] [id=21204]
  0x000001946ecc9000 ConcurrentGCThread "G1 Refine#0" [stack: 0x0000005da3300000,0x0000005da3400000] [id=1640]
  0x0000019412bae000 ConcurrentGCThread "G1 Refine#1" [stack: 0x0000005da6400000,0x0000005da6500000] [id=11816]
  0x000001946ecca000 ConcurrentGCThread "G1 Young RemSet Sampling" [stack: 0x0000005da3400000,0x0000005da3500000] [id=9292]

Threads with active compile tasks:
C2 CompilerThread0 127745 9206       4       javax.swing.text.GlyphView::getPreferredSpan (125 bytes)
C2 CompilerThread1 127745 9205       4       javax.swing.text.html.BlockView::getAttributes (26 bytes)

VM state:not at safepoint (normal execution)

VM Mutex/Monitor currently owned by a thread: None

Heap address: 0x0000000740000000, size: 3072 MB, Compressed Oops mode: Zero based, Oop shift amount: 3
Narrow klass base: 0x0000000800000000, Narrow klass shift: 0
Compressed class space size: 1073741824 Address: 0x0000000800000000

Heap:
 garbage-first heap   total 262144K, used 67070K [0x0000000740000000, 0x0000000800000000)
  region size 1024K, 4 young (4096K), 0 survivors (0K)
 Metaspace       used 61801K, capacity 63210K, committed 63440K, reserved 1103872K
  class space    used 7649K, capacity 8290K, committed 8320K, reserved 1048576K
Heap Regions: E=young(eden), S=young(survivor), O=old, HS=humongous(starts), HC=humongous(continues), CS=collection set, F=free, A=archive, TAMS=top-at-mark-start (previous, next)
|   0|0x0000000740000000, 0x0000000740100000, 0x0000000740100000|100%|HS|  |TAMS 0x0000000740000000, 0x0000000740000000| Untracked 
|   1|0x0000000740100000, 0x0000000740200000, 0x0000000740200000|100%|HC|  |TAMS 0x0000000740100000, 0x0000000740100000| Untracked 
|   2|0x0000000740200000, 0x0000000740300000, 0x0000000740300000|100%|HS|  |TAMS 0x0000000740200000, 0x0000000740200000| Untracked 
|   3|0x0000000740300000, 0x00000007403ffff0, 0x0000000740400000| 99%| O|  |TAMS 0x0000000740300000, 0x0000000740300000| Untracked 
|   4|0x0000000740400000, 0x0000000740500000, 0x0000000740500000|100%| O|  |TAMS 0x0000000740400000, 0x0000000740400000| Untracked 
|   5|0x0000000740500000, 0x000000074059bc50, 0x0000000740600000| 60%| O|  |TAMS 0x0000000740500000, 0x0000000740500000| Untracked 
|   6|0x0000000740600000, 0x00000007406ff480, 0x0000000740700000| 99%| O|  |TAMS 0x0000000740600000, 0x0000000740600000| Untracked 
|   7|0x0000000740700000, 0x00000007407fffe0, 0x0000000740800000| 99%| O|  |TAMS 0x0000000740700000, 0x0000000740700000| Untracked 
|   8|0x0000000740800000, 0x00000007408fc030, 0x0000000740900000| 98%| O|  |TAMS 0x0000000740800000, 0x0000000740800000| Untracked 
|   9|0x0000000740900000, 0x0000000740a00000, 0x0000000740a00000|100%| O|  |TAMS 0x0000000740900000, 0x0000000740900000| Untracked 
|  10|0x0000000740a00000, 0x0000000740afb660, 0x0000000740b00000| 98%| O|  |TAMS 0x0000000740a00000, 0x0000000740a00000| Untracked 
|  11|0x0000000740b00000, 0x0000000740bef760, 0x0000000740c00000| 93%| O|  |TAMS 0x0000000740b00000, 0x0000000740b00000| Untracked 
|  12|0x0000000740c00000, 0x0000000740cf6188, 0x0000000740d00000| 96%| O|  |TAMS 0x0000000740c00000, 0x0000000740c00000| Untracked 
|  13|0x0000000740d00000, 0x0000000740dfffe8, 0x0000000740e00000| 99%| O|  |TAMS 0x0000000740d00000, 0x0000000740d00000| Untracked 
|  14|0x0000000740e00000, 0x0000000740effff0, 0x0000000740f00000| 99%| O|  |TAMS 0x0000000740e00000, 0x0000000740e00000| Untracked 
|  15|0x0000000740f00000, 0x0000000740fde0b0, 0x0000000741000000| 86%| O|  |TAMS 0x0000000740f00000, 0x0000000740f00000| Untracked 
|  16|0x0000000741000000, 0x00000007410ffff0, 0x0000000741100000| 99%| O|  |TAMS 0x0000000741000000, 0x0000000741000000| Untracked 
|  17|0x0000000741100000, 0x00000007411ffcd8, 0x0000000741200000| 99%| O|  |TAMS 0x0000000741100000, 0x0000000741100000| Untracked 
|  18|0x0000000741200000, 0x00000007412ffff8, 0x0000000741300000| 99%| O|  |TAMS 0x0000000741200000, 0x0000000741200000| Untracked 
|  19|0x0000000741300000, 0x00000007413ffff0, 0x0000000741400000| 99%| O|  |TAMS 0x0000000741300000, 0x0000000741300000| Untracked 
|  20|0x0000000741400000, 0x00000007414ffff8, 0x0000000741500000| 99%| O|  |TAMS 0x0000000741400000, 0x0000000741400000| Untracked 
|  21|0x0000000741500000, 0x00000007415fa048, 0x0000000741600000| 97%| O|  |TAMS 0x0000000741500000, 0x0000000741500000| Untracked 
|  22|0x0000000741600000, 0x00000007416ffff8, 0x0000000741700000| 99%| O|  |TAMS 0x0000000741600000, 0x0000000741600000| Untracked 
|  23|0x0000000741700000, 0x0000000741800000, 0x0000000741800000|100%|HS|  |TAMS 0x0000000741700000, 0x0000000741700000| Untracked 
|  24|0x0000000741800000, 0x0000000741900000, 0x0000000741900000|100%|HC|  |TAMS 0x0000000741800000, 0x0000000741800000| Untracked 
|  25|0x0000000741900000, 0x0000000741a00000, 0x0000000741a00000|100%| O|  |TAMS 0x0000000741900000, 0x0000000741900000| Untracked 
|  26|0x0000000741a00000, 0x0000000741b00000, 0x0000000741b00000|100%| O|  |TAMS 0x0000000741a00000, 0x0000000741a00000| Untracked 
|  27|0x0000000741b00000, 0x0000000741c00000, 0x0000000741c00000|100%| O|  |TAMS 0x0000000741b00000, 0x0000000741b00000| Untracked 
|  28|0x0000000741c00000, 0x0000000741cffc78, 0x0000000741d00000| 99%| O|  |TAMS 0x0000000741c00000, 0x0000000741c00000| Untracked 
|  29|0x0000000741d00000, 0x0000000741e00000, 0x0000000741e00000|100%| O|  |TAMS 0x0000000741d00000, 0x0000000741d00000| Untracked 
|  30|0x0000000741e00000, 0x0000000741efe7a0, 0x0000000741f00000| 99%| O|  |TAMS 0x0000000741e00000, 0x0000000741e00000| Untracked 
|  31|0x0000000741f00000, 0x0000000741ffffb0, 0x0000000742000000| 99%| O|  |TAMS 0x0000000741f00000, 0x0000000741f00000| Untracked 
|  32|0x0000000742000000, 0x00000007420fff48, 0x0000000742100000| 99%| O|  |TAMS 0x0000000742000000, 0x0000000742000000| Untracked 
|  33|0x0000000742100000, 0x0000000742200000, 0x0000000742200000|100%| O|  |TAMS 0x0000000742100000, 0x0000000742100000| Untracked 
|  34|0x0000000742200000, 0x00000007422fffd8, 0x0000000742300000| 99%| O|  |TAMS 0x0000000742200000, 0x0000000742200000| Untracked 
|  35|0x0000000742300000, 0x0000000742400000, 0x0000000742400000|100%| O|  |TAMS 0x0000000742300000, 0x0000000742300000| Untracked 
|  36|0x0000000742400000, 0x00000007424ffff8, 0x0000000742500000| 99%| O|  |TAMS 0x0000000742400000, 0x0000000742400000| Untracked 
|  37|0x0000000742500000, 0x00000007425fffe8, 0x0000000742600000| 99%| O|  |TAMS 0x0000000742500000, 0x0000000742500000| Untracked 
|  38|0x0000000742600000, 0x00000007426fffd8, 0x0000000742700000| 99%| O|  |TAMS 0x0000000742600000, 0x0000000742600000| Untracked 
|  39|0x0000000742700000, 0x00000007427ffff0, 0x0000000742800000| 99%| O|  |TAMS 0x0000000742700000, 0x0000000742700000| Untracked 
|  40|0x0000000742800000, 0x0000000742900000, 0x0000000742900000|100%| O|  |TAMS 0x0000000742800000, 0x0000000742800000| Untracked 
|  41|0x0000000742900000, 0x00000007429ffff8, 0x0000000742a00000| 99%| O|  |TAMS 0x0000000742900000, 0x0000000742900000| Untracked 
|  42|0x0000000742a00000, 0x0000000742afffe0, 0x0000000742b00000| 99%| O|  |TAMS 0x0000000742a00000, 0x0000000742a00000| Untracked 
|  43|0x0000000742b00000, 0x0000000742bfb778, 0x0000000742c00000| 98%| O|  |TAMS 0x0000000742b00000, 0x0000000742b00000| Untracked 
|  44|0x0000000742c00000, 0x0000000742cfffe8, 0x0000000742d00000| 99%| O|  |TAMS 0x0000000742c00000, 0x0000000742c00000| Untracked 
|  45|0x0000000742d00000, 0x0000000742dfffe8, 0x0000000742e00000| 99%| O|  |TAMS 0x0000000742d00000, 0x0000000742d00000| Untracked 
|  46|0x0000000742e00000, 0x0000000742f00000, 0x0000000742f00000|100%| O|  |TAMS 0x0000000742e00000, 0x0000000742e00000| Untracked 
|  47|0x0000000742f00000, 0x0000000743000000, 0x0000000743000000|100%|HS|  |TAMS 0x0000000742f00000, 0x0000000742f00000| Untracked 
|  48|0x0000000743000000, 0x0000000743100000, 0x0000000743100000|100%|HC|  |TAMS 0x0000000743000000, 0x0000000743000000| Untracked 
|  49|0x0000000743100000, 0x0000000743200000, 0x0000000743200000|100%|HC|  |TAMS 0x0000000743100000, 0x0000000743100000| Untracked 
|  50|0x0000000743200000, 0x0000000743300000, 0x0000000743300000|100%|HC|  |TAMS 0x0000000743200000, 0x0000000743200000| Untracked 
|  51|0x0000000743300000, 0x0000000743400000, 0x0000000743400000|100%|HC|  |TAMS 0x0000000743300000, 0x0000000743300000| Untracked 
|  52|0x0000000743400000, 0x0000000743500000, 0x0000000743500000|100%|HC|  |TAMS 0x0000000743400000, 0x0000000743400000| Untracked 
|  53|0x0000000743500000, 0x0000000743600000, 0x0000000743600000|100%|HC|  |TAMS 0x0000000743500000, 0x0000000743500000| Untracked 
|  54|0x0000000743600000, 0x0000000743700000, 0x0000000743700000|100%|HC|  |TAMS 0x0000000743600000, 0x0000000743600000| Untracked 
|  55|0x0000000743700000, 0x00000007437cdbd0, 0x0000000743800000| 80%| O|  |TAMS 0x0000000743700000, 0x0000000743700000| Untracked 
|  56|0x0000000743800000, 0x00000007438ffff8, 0x0000000743900000| 99%| O|  |TAMS 0x0000000743800000, 0x0000000743800000| Untracked 
|  57|0x0000000743900000, 0x0000000743a00000, 0x0000000743a00000|100%|HS|  |TAMS 0x0000000743900000, 0x0000000743900000| Untracked 
|  58|0x0000000743a00000, 0x0000000743afa560, 0x0000000743b00000| 97%| O|  |TAMS 0x0000000743a00000, 0x0000000743a00000| Untracked 
|  59|0x0000000743b00000, 0x0000000743bf1bc0, 0x0000000743c00000| 94%| O|  |TAMS 0x0000000743b00000, 0x0000000743b00000| Untracked 
|  60|0x0000000743c00000, 0x0000000743d00000, 0x0000000743d00000|100%|HS|  |TAMS 0x0000000743c00000, 0x0000000743c00000| Untracked 
|  61|0x0000000743d00000, 0x0000000743d372b0, 0x0000000743e00000| 21%| O|  |TAMS 0x0000000743d00000, 0x0000000743d00000| Untracked 
|  62|0x0000000743e00000, 0x0000000743e00000, 0x0000000743f00000|  0%| F|  |TAMS 0x0000000743e00000, 0x0000000743e00000| Untracked 
|  63|0x0000000743f00000, 0x0000000744000000, 0x0000000744000000|100%|HS|  |TAMS 0x0000000743f00000, 0x0000000743f00000| Untracked 
|  64|0x0000000744000000, 0x0000000744000000, 0x0000000744100000|  0%| F|  |TAMS 0x0000000744000000, 0x0000000744000000| Untracked 
|  65|0x0000000744100000, 0x0000000744100000, 0x0000000744200000|  0%| F|  |TAMS 0x0000000744100000, 0x0000000744100000| Untracked 
|  66|0x0000000744200000, 0x0000000744200000, 0x0000000744300000|  0%| F|  |TAMS 0x0000000744200000, 0x0000000744200000| Untracked 
|  67|0x0000000744300000, 0x0000000744300000, 0x0000000744400000|  0%| F|  |TAMS 0x0000000744300000, 0x0000000744300000| Untracked 
|  68|0x0000000744400000, 0x0000000744400000, 0x0000000744500000|  0%| F|  |TAMS 0x0000000744400000, 0x0000000744400000| Untracked 
|  69|0x0000000744500000, 0x0000000744500000, 0x0000000744600000|  0%| F|  |TAMS 0x0000000744500000, 0x0000000744500000| Untracked 
|  70|0x0000000744600000, 0x0000000744600000, 0x0000000744700000|  0%| F|  |TAMS 0x0000000744600000, 0x0000000744600000| Untracked 
|  71|0x0000000744700000, 0x0000000744700000, 0x0000000744800000|  0%| F|  |TAMS 0x0000000744700000, 0x0000000744700000| Untracked 
|  72|0x0000000744800000, 0x0000000744800000, 0x0000000744900000|  0%| F|  |TAMS 0x0000000744800000, 0x0000000744800000| Untracked 
|  73|0x0000000744900000, 0x0000000744900000, 0x0000000744a00000|  0%| F|  |TAMS 0x0000000744900000, 0x0000000744900000| Untracked 
|  74|0x0000000744a00000, 0x0000000744a00000, 0x0000000744b00000|  0%| F|  |TAMS 0x0000000744a00000, 0x0000000744a00000| Untracked 
|  75|0x0000000744b00000, 0x0000000744b00000, 0x0000000744c00000|  0%| F|  |TAMS 0x0000000744b00000, 0x0000000744b00000| Untracked 
|  76|0x0000000744c00000, 0x0000000744c00000, 0x0000000744d00000|  0%| F|  |TAMS 0x0000000744c00000, 0x0000000744c00000| Untracked 
|  77|0x0000000744d00000, 0x0000000744d00000, 0x0000000744e00000|  0%| F|  |TAMS 0x0000000744d00000, 0x0000000744d00000| Untracked 
|  78|0x0000000744e00000, 0x0000000744e00000, 0x0000000744f00000|  0%| F|  |TAMS 0x0000000744e00000, 0x0000000744e00000| Untracked 
|  79|0x0000000744f00000, 0x0000000744f00000, 0x0000000745000000|  0%| F|  |TAMS 0x0000000744f00000, 0x0000000744f00000| Untracked 
|  80|0x0000000745000000, 0x0000000745000000, 0x0000000745100000|  0%| F|  |TAMS 0x0000000745000000, 0x0000000745000000| Untracked 
|  81|0x0000000745100000, 0x0000000745100000, 0x0000000745200000|  0%| F|  |TAMS 0x0000000745100000, 0x0000000745100000| Untracked 
|  82|0x0000000745200000, 0x0000000745200000, 0x0000000745300000|  0%| F|  |TAMS 0x0000000745200000, 0x0000000745200000| Untracked 
|  83|0x0000000745300000, 0x0000000745300000, 0x0000000745400000|  0%| F|  |TAMS 0x0000000745300000, 0x0000000745300000| Untracked 
|  84|0x0000000745400000, 0x0000000745400000, 0x0000000745500000|  0%| F|  |TAMS 0x0000000745400000, 0x0000000745400000| Untracked 
|  85|0x0000000745500000, 0x0000000745500000, 0x0000000745600000|  0%| F|  |TAMS 0x0000000745500000, 0x0000000745500000| Untracked 
|  86|0x0000000745600000, 0x0000000745600000, 0x0000000745700000|  0%| F|  |TAMS 0x0000000745600000, 0x0000000745600000| Untracked 
|  87|0x0000000745700000, 0x0000000745700000, 0x0000000745800000|  0%| F|  |TAMS 0x0000000745700000, 0x0000000745700000| Untracked 
|  88|0x0000000745800000, 0x0000000745800000, 0x0000000745900000|  0%| F|  |TAMS 0x0000000745800000, 0x0000000745800000| Untracked 
|  89|0x0000000745900000, 0x0000000745900000, 0x0000000745a00000|  0%| F|  |TAMS 0x0000000745900000, 0x0000000745900000| Untracked 
|  90|0x0000000745a00000, 0x0000000745a00000, 0x0000000745b00000|  0%| F|  |TAMS 0x0000000745a00000, 0x0000000745a00000| Untracked 
|  91|0x0000000745b00000, 0x0000000745b00000, 0x0000000745c00000|  0%| F|  |TAMS 0x0000000745b00000, 0x0000000745b00000| Untracked 
|  92|0x0000000745c00000, 0x0000000745c00000, 0x0000000745d00000|  0%| F|  |TAMS 0x0000000745c00000, 0x0000000745c00000| Untracked 
|  93|0x0000000745d00000, 0x0000000745d00000, 0x0000000745e00000|  0%| F|  |TAMS 0x0000000745d00000, 0x0000000745d00000| Untracked 
|  94|0x0000000745e00000, 0x0000000745e00000, 0x0000000745f00000|  0%| F|  |TAMS 0x0000000745e00000, 0x0000000745e00000| Untracked 
|  95|0x0000000745f00000, 0x0000000745f00000, 0x0000000746000000|  0%| F|  |TAMS 0x0000000745f00000, 0x0000000745f00000| Untracked 
|  96|0x0000000746000000, 0x0000000746000000, 0x0000000746100000|  0%| F|  |TAMS 0x0000000746000000, 0x0000000746000000| Untracked 
|  97|0x0000000746100000, 0x0000000746100000, 0x0000000746200000|  0%| F|  |TAMS 0x0000000746100000, 0x0000000746100000| Untracked 
|  98|0x0000000746200000, 0x0000000746200000, 0x0000000746300000|  0%| F|  |TAMS 0x0000000746200000, 0x0000000746200000| Untracked 
|  99|0x0000000746300000, 0x0000000746300000, 0x0000000746400000|  0%| F|  |TAMS 0x0000000746300000, 0x0000000746300000| Untracked 
| 100|0x0000000746400000, 0x0000000746400000, 0x0000000746500000|  0%| F|  |TAMS 0x0000000746400000, 0x0000000746400000| Untracked 
| 101|0x0000000746500000, 0x0000000746500000, 0x0000000746600000|  0%| F|  |TAMS 0x0000000746500000, 0x0000000746500000| Untracked 
| 102|0x0000000746600000, 0x0000000746600000, 0x0000000746700000|  0%| F|  |TAMS 0x0000000746600000, 0x0000000746600000| Untracked 
| 103|0x0000000746700000, 0x0000000746700000, 0x0000000746800000|  0%| F|  |TAMS 0x0000000746700000, 0x0000000746700000| Untracked 
| 104|0x0000000746800000, 0x0000000746800000, 0x0000000746900000|  0%| F|  |TAMS 0x0000000746800000, 0x0000000746800000| Untracked 
| 105|0x0000000746900000, 0x0000000746900000, 0x0000000746a00000|  0%| F|  |TAMS 0x0000000746900000, 0x0000000746900000| Untracked 
| 106|0x0000000746a00000, 0x0000000746a00000, 0x0000000746b00000|  0%| F|  |TAMS 0x0000000746a00000, 0x0000000746a00000| Untracked 
| 107|0x0000000746b00000, 0x0000000746b00000, 0x0000000746c00000|  0%| F|  |TAMS 0x0000000746b00000, 0x0000000746b00000| Untracked 
| 108|0x0000000746c00000, 0x0000000746c00000, 0x0000000746d00000|  0%| F|  |TAMS 0x0000000746c00000, 0x0000000746c00000| Untracked 
| 109|0x0000000746d00000, 0x0000000746d00000, 0x0000000746e00000|  0%| F|  |TAMS 0x0000000746d00000, 0x0000000746d00000| Untracked 
| 110|0x0000000746e00000, 0x0000000746e00000, 0x0000000746f00000|  0%| F|  |TAMS 0x0000000746e00000, 0x0000000746e00000| Untracked 
| 111|0x0000000746f00000, 0x0000000746f00000, 0x0000000747000000|  0%| F|  |TAMS 0x0000000746f00000, 0x0000000746f00000| Untracked 
| 112|0x0000000747000000, 0x00000007470ffff0, 0x0000000747100000| 99%| O|  |TAMS 0x0000000747000000, 0x0000000747000000| Untracked 
| 113|0x0000000747100000, 0x000000074712efc8, 0x0000000747200000| 18%| O|  |TAMS 0x0000000747100000, 0x0000000747100000| Untracked 
| 114|0x0000000747200000, 0x0000000747200000, 0x0000000747300000|  0%| F|  |TAMS 0x0000000747200000, 0x0000000747200000| Untracked 
| 115|0x0000000747300000, 0x0000000747300000, 0x0000000747400000|  0%| F|  |TAMS 0x0000000747300000, 0x0000000747300000| Untracked 
| 116|0x0000000747400000, 0x0000000747400000, 0x0000000747500000|  0%| F|  |TAMS 0x0000000747400000, 0x0000000747400000| Untracked 
| 117|0x0000000747500000, 0x0000000747516370, 0x0000000747600000|  8%| O|  |TAMS 0x0000000747500000, 0x0000000747500000| Untracked 
| 118|0x0000000747600000, 0x0000000747600000, 0x0000000747700000|  0%| F|  |TAMS 0x0000000747600000, 0x0000000747600000| Untracked 
| 119|0x0000000747700000, 0x0000000747700000, 0x0000000747800000|  0%| F|  |TAMS 0x0000000747700000, 0x0000000747700000| Untracked 
| 120|0x0000000747800000, 0x0000000747800000, 0x0000000747900000|  0%| F|  |TAMS 0x0000000747800000, 0x0000000747800000| Untracked 
| 121|0x0000000747900000, 0x0000000747900000, 0x0000000747a00000|  0%| F|  |TAMS 0x0000000747900000, 0x0000000747900000| Untracked 
| 122|0x0000000747a00000, 0x0000000747a00000, 0x0000000747b00000|  0%| F|  |TAMS 0x0000000747a00000, 0x0000000747a00000| Untracked 
| 123|0x0000000747b00000, 0x0000000747b00000, 0x0000000747c00000|  0%| F|  |TAMS 0x0000000747b00000, 0x0000000747b00000| Untracked 
| 124|0x0000000747c00000, 0x0000000747c00000, 0x0000000747d00000|  0%| F|  |TAMS 0x0000000747c00000, 0x0000000747c00000| Untracked 
| 125|0x0000000747d00000, 0x0000000747d00000, 0x0000000747e00000|  0%| F|  |TAMS 0x0000000747d00000, 0x0000000747d00000| Untracked 
| 126|0x0000000747e00000, 0x0000000747e00000, 0x0000000747f00000|  0%| F|  |TAMS 0x0000000747e00000, 0x0000000747e00000| Untracked 
| 127|0x0000000747f00000, 0x0000000747f00000, 0x0000000748000000|  0%| F|  |TAMS 0x0000000747f00000, 0x0000000747f00000| Untracked 
| 128|0x0000000748000000, 0x0000000748000000, 0x0000000748100000|  0%| F|  |TAMS 0x0000000748000000, 0x0000000748000000| Untracked 
| 129|0x0000000748100000, 0x0000000748100000, 0x0000000748200000|  0%| F|  |TAMS 0x0000000748100000, 0x0000000748100000| Untracked 
| 130|0x0000000748200000, 0x0000000748200000, 0x0000000748300000|  0%| F|  |TAMS 0x0000000748200000, 0x0000000748200000| Untracked 
| 131|0x0000000748300000, 0x0000000748300000, 0x0000000748400000|  0%| F|  |TAMS 0x0000000748300000, 0x0000000748300000| Untracked 
| 132|0x0000000748400000, 0x0000000748400000, 0x0000000748500000|  0%| F|  |TAMS 0x0000000748400000, 0x0000000748400000| Untracked 
| 133|0x0000000748500000, 0x0000000748500000, 0x0000000748600000|  0%| F|  |TAMS 0x0000000748500000, 0x0000000748500000| Untracked 
| 134|0x0000000748600000, 0x0000000748600000, 0x0000000748700000|  0%| F|  |TAMS 0x0000000748600000, 0x0000000748600000| Untracked 
| 135|0x0000000748700000, 0x0000000748700000, 0x0000000748800000|  0%| F|  |TAMS 0x0000000748700000, 0x0000000748700000| Untracked 
| 136|0x0000000748800000, 0x0000000748800000, 0x0000000748900000|  0%| F|  |TAMS 0x0000000748800000, 0x0000000748800000| Untracked 
| 137|0x0000000748900000, 0x0000000748900000, 0x0000000748a00000|  0%| F|  |TAMS 0x0000000748900000, 0x0000000748900000| Untracked 
| 138|0x0000000748a00000, 0x0000000748a00000, 0x0000000748b00000|  0%| F|  |TAMS 0x0000000748a00000, 0x0000000748a00000| Untracked 
| 139|0x0000000748b00000, 0x0000000748b00000, 0x0000000748c00000|  0%| F|  |TAMS 0x0000000748b00000, 0x0000000748b00000| Untracked 
| 140|0x0000000748c00000, 0x0000000748c00000, 0x0000000748d00000|  0%| F|  |TAMS 0x0000000748c00000, 0x0000000748c00000| Untracked 
| 141|0x0000000748d00000, 0x0000000748d00000, 0x0000000748e00000|  0%| F|  |TAMS 0x0000000748d00000, 0x0000000748d00000| Untracked 
| 142|0x0000000748e00000, 0x0000000748e00000, 0x0000000748f00000|  0%| F|  |TAMS 0x0000000748e00000, 0x0000000748e00000| Untracked 
| 143|0x0000000748f00000, 0x0000000748f00000, 0x0000000749000000|  0%| F|  |TAMS 0x0000000748f00000, 0x0000000748f00000| Untracked 
| 144|0x0000000749000000, 0x0000000749000000, 0x0000000749100000|  0%| F|  |TAMS 0x0000000749000000, 0x0000000749000000| Untracked 
| 145|0x0000000749100000, 0x0000000749100000, 0x0000000749200000|  0%| F|  |TAMS 0x0000000749100000, 0x0000000749100000| Untracked 
| 146|0x0000000749200000, 0x0000000749200000, 0x0000000749300000|  0%| F|  |TAMS 0x0000000749200000, 0x0000000749200000| Untracked 
| 147|0x0000000749300000, 0x0000000749300000, 0x0000000749400000|  0%| F|  |TAMS 0x0000000749300000, 0x0000000749300000| Untracked 
| 148|0x0000000749400000, 0x0000000749400000, 0x0000000749500000|  0%| F|  |TAMS 0x0000000749400000, 0x0000000749400000| Untracked 
| 149|0x0000000749500000, 0x0000000749500000, 0x0000000749600000|  0%| F|  |TAMS 0x0000000749500000, 0x0000000749500000| Untracked 
| 150|0x0000000749600000, 0x0000000749600000, 0x0000000749700000|  0%| F|  |TAMS 0x0000000749600000, 0x0000000749600000| Untracked 
| 151|0x0000000749700000, 0x0000000749700000, 0x0000000749800000|  0%| F|  |TAMS 0x0000000749700000, 0x0000000749700000| Untracked 
| 152|0x0000000749800000, 0x0000000749800000, 0x0000000749900000|  0%| F|  |TAMS 0x0000000749800000, 0x0000000749800000| Untracked 
| 153|0x0000000749900000, 0x0000000749900000, 0x0000000749a00000|  0%| F|  |TAMS 0x0000000749900000, 0x0000000749900000| Untracked 
| 154|0x0000000749a00000, 0x0000000749a00000, 0x0000000749b00000|  0%| F|  |TAMS 0x0000000749a00000, 0x0000000749a00000| Untracked 
| 155|0x0000000749b00000, 0x0000000749b00000, 0x0000000749c00000|  0%| F|  |TAMS 0x0000000749b00000, 0x0000000749b00000| Untracked 
| 156|0x0000000749c00000, 0x0000000749c00000, 0x0000000749d00000|  0%| F|  |TAMS 0x0000000749c00000, 0x0000000749c00000| Untracked 
| 157|0x0000000749d00000, 0x0000000749d00000, 0x0000000749e00000|  0%| F|  |TAMS 0x0000000749d00000, 0x0000000749d00000| Untracked 
| 158|0x0000000749e00000, 0x0000000749e00000, 0x0000000749f00000|  0%| F|  |TAMS 0x0000000749e00000, 0x0000000749e00000| Untracked 
| 159|0x0000000749f00000, 0x0000000749f00000, 0x000000074a000000|  0%| F|  |TAMS 0x0000000749f00000, 0x0000000749f00000| Untracked 
| 160|0x000000074a000000, 0x000000074a000000, 0x000000074a100000|  0%| F|  |TAMS 0x000000074a000000, 0x000000074a000000| Untracked 
| 161|0x000000074a100000, 0x000000074a100000, 0x000000074a200000|  0%| F|  |TAMS 0x000000074a100000, 0x000000074a100000| Untracked 
| 162|0x000000074a200000, 0x000000074a200000, 0x000000074a300000|  0%| F|  |TAMS 0x000000074a200000, 0x000000074a200000| Untracked 
| 163|0x000000074a300000, 0x000000074a300000, 0x000000074a400000|  0%| F|  |TAMS 0x000000074a300000, 0x000000074a300000| Untracked 
| 164|0x000000074a400000, 0x000000074a400000, 0x000000074a500000|  0%| F|  |TAMS 0x000000074a400000, 0x000000074a400000| Untracked 
| 165|0x000000074a500000, 0x000000074a500000, 0x000000074a600000|  0%| F|  |TAMS 0x000000074a500000, 0x000000074a500000| Untracked 
| 166|0x000000074a600000, 0x000000074a600000, 0x000000074a700000|  0%| F|  |TAMS 0x000000074a600000, 0x000000074a600000| Untracked 
| 167|0x000000074a700000, 0x000000074a700000, 0x000000074a800000|  0%| F|  |TAMS 0x000000074a700000, 0x000000074a700000| Untracked 
| 168|0x000000074a800000, 0x000000074a800000, 0x000000074a900000|  0%| F|  |TAMS 0x000000074a800000, 0x000000074a800000| Untracked 
| 169|0x000000074a900000, 0x000000074a900000, 0x000000074aa00000|  0%| F|  |TAMS 0x000000074a900000, 0x000000074a900000| Untracked 
| 170|0x000000074aa00000, 0x000000074aa00000, 0x000000074ab00000|  0%| F|  |TAMS 0x000000074aa00000, 0x000000074aa00000| Untracked 
| 171|0x000000074ab00000, 0x000000074ab00000, 0x000000074ac00000|  0%| F|  |TAMS 0x000000074ab00000, 0x000000074ab00000| Untracked 
| 172|0x000000074ac00000, 0x000000074ac00000, 0x000000074ad00000|  0%| F|  |TAMS 0x000000074ac00000, 0x000000074ac00000| Untracked 
| 173|0x000000074ad00000, 0x000000074ad00000, 0x000000074ae00000|  0%| F|  |TAMS 0x000000074ad00000, 0x000000074ad00000| Untracked 
| 174|0x000000074ae00000, 0x000000074ae00000, 0x000000074af00000|  0%| F|  |TAMS 0x000000074ae00000, 0x000000074ae00000| Untracked 
| 175|0x000000074af00000, 0x000000074af00000, 0x000000074b000000|  0%| F|  |TAMS 0x000000074af00000, 0x000000074af00000| Untracked 
| 176|0x000000074b000000, 0x000000074b000000, 0x000000074b100000|  0%| F|  |TAMS 0x000000074b000000, 0x000000074b000000| Untracked 
| 177|0x000000074b100000, 0x000000074b100000, 0x000000074b200000|  0%| F|  |TAMS 0x000000074b100000, 0x000000074b100000| Untracked 
| 178|0x000000074b200000, 0x000000074b200000, 0x000000074b300000|  0%| F|  |TAMS 0x000000074b200000, 0x000000074b200000| Untracked 
| 179|0x000000074b300000, 0x000000074b300000, 0x000000074b400000|  0%| F|  |TAMS 0x000000074b300000, 0x000000074b300000| Untracked 
| 180|0x000000074b400000, 0x000000074b400000, 0x000000074b500000|  0%| F|  |TAMS 0x000000074b400000, 0x000000074b400000| Untracked 
| 181|0x000000074b500000, 0x000000074b500000, 0x000000074b600000|  0%| F|  |TAMS 0x000000074b500000, 0x000000074b500000| Untracked 
| 182|0x000000074b600000, 0x000000074b600000, 0x000000074b700000|  0%| F|  |TAMS 0x000000074b600000, 0x000000074b600000| Untracked 
| 183|0x000000074b700000, 0x000000074b700000, 0x000000074b800000|  0%| F|  |TAMS 0x000000074b700000, 0x000000074b700000| Untracked 
| 184|0x000000074b800000, 0x000000074b800000, 0x000000074b900000|  0%| F|  |TAMS 0x000000074b800000, 0x000000074b800000| Untracked 
| 185|0x000000074b900000, 0x000000074b900000, 0x000000074ba00000|  0%| F|  |TAMS 0x000000074b900000, 0x000000074b900000| Untracked 
| 186|0x000000074ba00000, 0x000000074ba00000, 0x000000074bb00000|  0%| F|  |TAMS 0x000000074ba00000, 0x000000074ba00000| Untracked 
| 187|0x000000074bb00000, 0x000000074bb00000, 0x000000074bc00000|  0%| F|  |TAMS 0x000000074bb00000, 0x000000074bb00000| Untracked 
| 188|0x000000074bc00000, 0x000000074bc00000, 0x000000074bd00000|  0%| F|  |TAMS 0x000000074bc00000, 0x000000074bc00000| Untracked 
| 189|0x000000074bd00000, 0x000000074bd00000, 0x000000074be00000|  0%| F|  |TAMS 0x000000074bd00000, 0x000000074bd00000| Untracked 
| 190|0x000000074be00000, 0x000000074be00000, 0x000000074bf00000|  0%| F|  |TAMS 0x000000074be00000, 0x000000074be00000| Untracked 
| 191|0x000000074bf00000, 0x000000074bf00000, 0x000000074c000000|  0%| F|  |TAMS 0x000000074bf00000, 0x000000074bf00000| Untracked 
| 192|0x000000074c000000, 0x000000074c000000, 0x000000074c100000|  0%| F|  |TAMS 0x000000074c000000, 0x000000074c000000| Untracked 
| 193|0x000000074c100000, 0x000000074c100000, 0x000000074c200000|  0%| F|  |TAMS 0x000000074c100000, 0x000000074c100000| Untracked 
| 194|0x000000074c200000, 0x000000074c200000, 0x000000074c300000|  0%| F|  |TAMS 0x000000074c200000, 0x000000074c200000| Untracked 
| 195|0x000000074c300000, 0x000000074c300000, 0x000000074c400000|  0%| F|  |TAMS 0x000000074c300000, 0x000000074c300000| Untracked 
| 196|0x000000074c400000, 0x000000074c400000, 0x000000074c500000|  0%| F|  |TAMS 0x000000074c400000, 0x000000074c400000| Untracked 
| 197|0x000000074c500000, 0x000000074c500000, 0x000000074c600000|  0%| F|  |TAMS 0x000000074c500000, 0x000000074c500000| Untracked 
| 198|0x000000074c600000, 0x000000074c600000, 0x000000074c700000|  0%| F|  |TAMS 0x000000074c600000, 0x000000074c600000| Untracked 
| 199|0x000000074c700000, 0x000000074c700000, 0x000000074c800000|  0%| F|  |TAMS 0x000000074c700000, 0x000000074c700000| Untracked 
| 200|0x000000074c800000, 0x000000074c800000, 0x000000074c900000|  0%| F|  |TAMS 0x000000074c800000, 0x000000074c800000| Untracked 
| 201|0x000000074c900000, 0x000000074c900000, 0x000000074ca00000|  0%| F|  |TAMS 0x000000074c900000, 0x000000074c900000| Untracked 
| 202|0x000000074ca00000, 0x000000074ca00000, 0x000000074cb00000|  0%| F|  |TAMS 0x000000074ca00000, 0x000000074ca00000| Untracked 
| 203|0x000000074cb00000, 0x000000074cb00000, 0x000000074cc00000|  0%| F|  |TAMS 0x000000074cb00000, 0x000000074cb00000| Untracked 
| 204|0x000000074cc00000, 0x000000074cc00000, 0x000000074cd00000|  0%| F|  |TAMS 0x000000074cc00000, 0x000000074cc00000| Untracked 
| 205|0x000000074cd00000, 0x000000074cd00000, 0x000000074ce00000|  0%| F|  |TAMS 0x000000074cd00000, 0x000000074cd00000| Untracked 
| 206|0x000000074ce00000, 0x000000074ce00000, 0x000000074cf00000|  0%| F|  |TAMS 0x000000074ce00000, 0x000000074ce00000| Untracked 
| 207|0x000000074cf00000, 0x000000074cf00000, 0x000000074d000000|  0%| F|  |TAMS 0x000000074cf00000, 0x000000074cf00000| Untracked 
| 208|0x000000074d000000, 0x000000074d000000, 0x000000074d100000|  0%| F|  |TAMS 0x000000074d000000, 0x000000074d000000| Untracked 
| 209|0x000000074d100000, 0x000000074d100000, 0x000000074d200000|  0%| F|  |TAMS 0x000000074d100000, 0x000000074d100000| Untracked 
| 210|0x000000074d200000, 0x000000074d200000, 0x000000074d300000|  0%| F|  |TAMS 0x000000074d200000, 0x000000074d200000| Untracked 
| 211|0x000000074d300000, 0x000000074d300000, 0x000000074d400000|  0%| F|  |TAMS 0x000000074d300000, 0x000000074d300000| Untracked 
| 212|0x000000074d400000, 0x000000074d400000, 0x000000074d500000|  0%| F|  |TAMS 0x000000074d400000, 0x000000074d400000| Untracked 
| 213|0x000000074d500000, 0x000000074d500000, 0x000000074d600000|  0%| F|  |TAMS 0x000000074d500000, 0x000000074d500000| Untracked 
| 214|0x000000074d600000, 0x000000074d600000, 0x000000074d700000|  0%| F|  |TAMS 0x000000074d600000, 0x000000074d600000| Untracked 
| 215|0x000000074d700000, 0x000000074d700000, 0x000000074d800000|  0%| F|  |TAMS 0x000000074d700000, 0x000000074d700000| Untracked 
| 216|0x000000074d800000, 0x000000074d800000, 0x000000074d900000|  0%| F|  |TAMS 0x000000074d800000, 0x000000074d800000| Untracked 
| 217|0x000000074d900000, 0x000000074d900000, 0x000000074da00000|  0%| F|  |TAMS 0x000000074d900000, 0x000000074d900000| Untracked 
| 218|0x000000074da00000, 0x000000074da00000, 0x000000074db00000|  0%| F|  |TAMS 0x000000074da00000, 0x000000074da00000| Untracked 
| 219|0x000000074db00000, 0x000000074db00000, 0x000000074dc00000|  0%| F|  |TAMS 0x000000074db00000, 0x000000074db00000| Untracked 
| 220|0x000000074dc00000, 0x000000074dc00000, 0x000000074dd00000|  0%| F|  |TAMS 0x000000074dc00000, 0x000000074dc00000| Untracked 
| 221|0x000000074dd00000, 0x000000074dd00000, 0x000000074de00000|  0%| F|  |TAMS 0x000000074dd00000, 0x000000074dd00000| Untracked 
| 222|0x000000074de00000, 0x000000074de00000, 0x000000074df00000|  0%| F|  |TAMS 0x000000074de00000, 0x000000074de00000| Untracked 
| 223|0x000000074df00000, 0x000000074df00000, 0x000000074e000000|  0%| F|  |TAMS 0x000000074df00000, 0x000000074df00000| Untracked 
| 224|0x000000074e000000, 0x000000074e000000, 0x000000074e100000|  0%| F|  |TAMS 0x000000074e000000, 0x000000074e000000| Untracked 
| 225|0x000000074e100000, 0x000000074e100000, 0x000000074e200000|  0%| F|  |TAMS 0x000000074e100000, 0x000000074e100000| Untracked 
| 226|0x000000074e200000, 0x000000074e200000, 0x000000074e300000|  0%| F|  |TAMS 0x000000074e200000, 0x000000074e200000| Untracked 
| 227|0x000000074e300000, 0x000000074e300000, 0x000000074e400000|  0%| F|  |TAMS 0x000000074e300000, 0x000000074e300000| Untracked 
| 228|0x000000074e400000, 0x000000074e400000, 0x000000074e500000|  0%| F|  |TAMS 0x000000074e400000, 0x000000074e400000| Untracked 
| 229|0x000000074e500000, 0x000000074e500000, 0x000000074e600000|  0%| F|  |TAMS 0x000000074e500000, 0x000000074e500000| Untracked 
| 230|0x000000074e600000, 0x000000074e600000, 0x000000074e700000|  0%| F|  |TAMS 0x000000074e600000, 0x000000074e600000| Untracked 
| 231|0x000000074e700000, 0x000000074e700000, 0x000000074e800000|  0%| F|  |TAMS 0x000000074e700000, 0x000000074e700000| Untracked 
| 232|0x000000074e800000, 0x000000074e800000, 0x000000074e900000|  0%| F|  |TAMS 0x000000074e800000, 0x000000074e800000| Untracked 
| 233|0x000000074e900000, 0x000000074e900000, 0x000000074ea00000|  0%| F|  |TAMS 0x000000074e900000, 0x000000074e900000| Untracked 
| 234|0x000000074ea00000, 0x000000074ea00000, 0x000000074eb00000|  0%| F|  |TAMS 0x000000074ea00000, 0x000000074ea00000| Untracked 
| 235|0x000000074eb00000, 0x000000074eb00000, 0x000000074ec00000|  0%| F|  |TAMS 0x000000074eb00000, 0x000000074eb00000| Untracked 
| 236|0x000000074ec00000, 0x000000074ec00000, 0x000000074ed00000|  0%| F|  |TAMS 0x000000074ec00000, 0x000000074ec00000| Untracked 
| 237|0x000000074ed00000, 0x000000074ed00000, 0x000000074ee00000|  0%| F|  |TAMS 0x000000074ed00000, 0x000000074ed00000| Untracked 
| 238|0x000000074ee00000, 0x000000074ee00000, 0x000000074ef00000|  0%| F|  |TAMS 0x000000074ee00000, 0x000000074ee00000| Untracked 
| 239|0x000000074ef00000, 0x000000074ef00000, 0x000000074f000000|  0%| F|  |TAMS 0x000000074ef00000, 0x000000074ef00000| Untracked 
| 240|0x000000074f000000, 0x000000074f000000, 0x000000074f100000|  0%| F|  |TAMS 0x000000074f000000, 0x000000074f000000| Untracked 
| 241|0x000000074f100000, 0x000000074f100000, 0x000000074f200000|  0%| F|  |TAMS 0x000000074f100000, 0x000000074f100000| Untracked 
| 242|0x000000074f200000, 0x000000074f200000, 0x000000074f300000|  0%| F|  |TAMS 0x000000074f200000, 0x000000074f200000| Untracked 
| 243|0x000000074f300000, 0x000000074f300000, 0x000000074f400000|  0%| F|  |TAMS 0x000000074f300000, 0x000000074f300000| Untracked 
| 244|0x000000074f400000, 0x000000074f400000, 0x000000074f500000|  0%| F|  |TAMS 0x000000074f400000, 0x000000074f400000| Untracked 
| 245|0x000000074f500000, 0x000000074f500000, 0x000000074f600000|  0%| F|  |TAMS 0x000000074f500000, 0x000000074f500000| Untracked 
| 246|0x000000074f600000, 0x000000074f600000, 0x000000074f700000|  0%| F|  |TAMS 0x000000074f600000, 0x000000074f600000| Untracked 
| 247|0x000000074f700000, 0x000000074f700000, 0x000000074f800000|  0%| F|  |TAMS 0x000000074f700000, 0x000000074f700000| Untracked 
| 248|0x000000074f800000, 0x000000074f800000, 0x000000074f900000|  0%| F|  |TAMS 0x000000074f800000, 0x000000074f800000| Untracked 
| 249|0x000000074f900000, 0x000000074f900000, 0x000000074fa00000|  0%| F|  |TAMS 0x000000074f900000, 0x000000074f900000| Untracked 
| 250|0x000000074fa00000, 0x000000074fa00000, 0x000000074fb00000|  0%| F|  |TAMS 0x000000074fa00000, 0x000000074fa00000| Untracked 
| 251|0x000000074fb00000, 0x000000074fb00000, 0x000000074fc00000|  0%| F|  |TAMS 0x000000074fb00000, 0x000000074fb00000| Untracked 
| 252|0x000000074fc00000, 0x000000074fd00000, 0x000000074fd00000|100%| E|  |TAMS 0x000000074fc00000, 0x000000074fc00000| Complete 
| 253|0x000000074fd00000, 0x000000074fe00000, 0x000000074fe00000|100%| E|CS|TAMS 0x000000074fd00000, 0x000000074fd00000| Complete 
| 254|0x000000074fe00000, 0x000000074ff00000, 0x000000074ff00000|100%| E|CS|TAMS 0x000000074fe00000, 0x000000074fe00000| Complete 
| 255|0x000000074ff00000, 0x0000000750000000, 0x0000000750000000|100%| E|CS|TAMS 0x000000074ff00000, 0x000000074ff00000| Complete 

Card table byte_map: [0x000001946cfc0000,0x000001946d5c0000] _byte_map_base: 0x00000194695c0000

Marking Bits (Prev, Next): (CMBitMap*) 0x000001946e778b80, (CMBitMap*) 0x000001946e778b48
 Prev Bits: [0x000001947bca0000, 0x000001947eca0000)
 Next Bits: [0x0000019478ca0000, 0x000001947bca0000)

Polling page: 0x0000019466270000

Metaspace:

Usage:
  Non-class:     53.63 MB capacity,    52.88 MB ( 99%) used,   584.28 KB (  1%) free+waste,   183.88 KB ( <1%) overhead. 
      Class:      8.10 MB capacity,     7.47 MB ( 92%) used,   552.25 KB (  7%) free+waste,    88.44 KB (  1%) overhead. 
       Both:     61.73 MB capacity,    60.35 MB ( 98%) used,     1.11 MB (  2%) free+waste,   272.31 KB ( <1%) overhead. 

Virtual space:
  Non-class space:       54.00 MB reserved,      53.83 MB (>99%) committed 
      Class space:        1.00 GB reserved,       8.13 MB ( <1%) committed 
             Both:        1.05 GB reserved,      61.95 MB (  6%) committed 

Chunk freelists:
   Non-Class:  8.00 KB
       Class:  0 bytes
        Both:  8.00 KB

MaxMetaspaceSize: 17179869184.00 GB
CompressedClassSpaceSize: 1.00 GB

CodeHeap 'non-profiled nmethods': size=120064Kb used=6239Kb max_used=6239Kb free=113824Kb
 bounds [0x0000019407ac0000, 0x00000194080e0000, 0x000001940f000000]
CodeHeap 'profiled nmethods': size=120000Kb used=24396Kb max_used=24396Kb free=95603Kb
 bounds [0x0000019400590000, 0x0000019401d70000, 0x0000019407ac0000]
CodeHeap 'non-nmethods': size=5696Kb used=1489Kb max_used=1534Kb free=4206Kb
 bounds [0x0000019400000000, 0x0000019400270000, 0x0000019400590000]
 total_blobs=10098 nmethods=9118 adapters=888
 compilation: enabled
              stopped_count=0, restarted_count=0
 full_count=0

Compilation events (20 events):
Event: 127.488 Thread 0x000001946eea4000 nmethod 9193 0x0000019401d5fe90 code [0x0000019401d60200, 0x0000019401d62158]
Event: 127.488 Thread 0x000001946eea4000 9204       1       javax.swing.text.html.HTML$Tag::isBlock (5 bytes)
Event: 127.488 Thread 0x000001946eea4000 nmethod 9204 0x00000194080d3a10 code [0x00000194080d3bc0, 0x00000194080d3c78]
Event: 127.489 Thread 0x000001946eea4000 9209       3       javax.swing.border.CompoundBorder::paintBorder (132 bytes)
Event: 127.489 Thread 0x000001946eea4000 nmethod 9209 0x0000019401d62990 code [0x0000019401d62b80, 0x0000019401d63008]
Event: 127.489 Thread 0x000001946eea4000 9210       3       javax.swing.SwingUtilities::computeStringWidth (7 bytes)
Event: 127.490 Thread 0x000001946eea4000 nmethod 9210 0x0000019401d63190 code [0x0000019401d63360, 0x0000019401d63508]
Event: 127.490 Thread 0x000001946eea4000 9211       3       java.awt.geom.AffineTransform::<init> (57 bytes)
Event: 127.490 Thread 0x000001946eea0800 nmethod 9207 0x00000194080d3d10 code [0x00000194080d3ec0, 0x00000194080d4078]
Event: 127.490 Thread 0x000001946eea0800 9199   !   4       javax.swing.text.GlyphView::getText (44 bytes)
Event: 127.490 Thread 0x000001946eea4000 nmethod 9211 0x0000019401d63610 code [0x0000019401d637e0, 0x0000019401d63ac8]
Event: 127.498 Thread 0x000001942931d800 9190   !   4       javax.swing.text.SegmentCache::releaseSegment (63 bytes)
Event: 127.499 Thread 0x000001946eea0800 nmethod 9199 0x00000194080d4310 code [0x00000194080d4500, 0x00000194080d4be8]
Event: 127.499 Thread 0x000001946eea0800 9208       4       javax.swing.text.SimpleAttributeSet::getAttribute (32 bytes)
Event: 127.519 Thread 0x000001942931d800 nmethod 9190 0x00000194080d5110 code [0x00000194080d52e0, 0x00000194080d5cf8]
Event: 127.519 Thread 0x000001942931d800 9205       4       javax.swing.text.html.BlockView::getAttributes (26 bytes)
Event: 127.532 Thread 0x000001946eea0800 nmethod 9208 0x00000194080d6110 code [0x00000194080d6300, 0x00000194080d72e8]
Event: 127.532 Thread 0x000001946eea0800 9201       4       javax.swing.text.BoxView::checkRequests (85 bytes)
Event: 127.536 Thread 0x000001946eea0800 nmethod 9201 0x00000194080d7790 code [0x00000194080d7920, 0x00000194080d7bd8]
Event: 127.536 Thread 0x000001946eea0800 9206       4       javax.swing.text.GlyphView::getPreferredSpan (125 bytes)

GC Heap History (20 events):
Event: 4.712 GC heap before
{Heap before GC invocations=1 (full 0):
 garbage-first heap   total 262144K, used 57594K [0x0000000740000000, 0x0000000800000000)
  region size 1024K, 47 young (48128K), 8 survivors (8192K)
 Metaspace       used 20654K, capacity 21138K, committed 21296K, reserved 1069056K
  class space    used 1803K, capacity 2071K, committed 2176K, reserved 1048576K
}
Event: 4.728 GC heap after
{Heap after GC invocations=2 (full 0):
 garbage-first heap   total 262144K, used 24240K [0x0000000740000000, 0x0000000800000000)
  region size 1024K, 7 young (7168K), 7 survivors (7168K)
 Metaspace       used 20654K, capacity 21138K, committed 21296K, reserved 1069056K
  class space    used 1803K, capacity 2071K, committed 2176K, reserved 1048576K
}
Event: 8.058 GC heap before
{Heap before GC invocations=3 (full 0):
 garbage-first heap   total 262144K, used 85680K [0x0000000740000000, 0x0000000800000000)
  region size 1024K, 60 young (61440K), 7 survivors (7168K)
 Metaspace       used 31922K, capacity 32504K, committed 32688K, reserved 1079296K
  class space    used 3224K, capacity 3469K, committed 3584K, reserved 1048576K
}
Event: 8.072 GC heap after
{Heap after GC invocations=4 (full 0):
 garbage-first heap   total 262144K, used 35387K [0x0000000740000000, 0x0000000800000000)
  region size 1024K, 6 young (6144K), 6 survivors (6144K)
 Metaspace       used 31922K, capacity 32504K, committed 32688K, reserved 1079296K
  class space    used 3224K, capacity 3469K, committed 3584K, reserved 1048576K
}
Event: 8.536 GC heap before
{Heap before GC invocations=4 (full 0):
 garbage-first heap   total 262144K, used 90683K [0x0000000740000000, 0x0000000800000000)
  region size 1024K, 60 young (61440K), 6 survivors (6144K)
 Metaspace       used 32080K, capacity 32747K, committed 32944K, reserved 1079296K
  class space    used 3236K, capacity 3504K, committed 3584K, reserved 1048576K
}
Event: 8.543 GC heap after
{Heap after GC invocations=5 (full 0):
 garbage-first heap   total 262144K, used 34313K [0x0000000740000000, 0x0000000800000000)
  region size 1024K, 1 young (1024K), 1 survivors (1024K)
 Metaspace       used 32080K, capacity 32747K, committed 32944K, reserved 1079296K
  class space    used 3236K, capacity 3504K, committed 3584K, reserved 1048576K
}
Event: 9.801 GC heap before
{Heap before GC invocations=5 (full 0):
 garbage-first heap   total 262144K, used 69129K [0x0000000740000000, 0x0000000800000000)
  region size 1024K, 36 young (36864K), 1 survivors (1024K)
 Metaspace       used 35105K, capacity 35774K, committed 35920K, reserved 1081344K
  class space    used 3724K, capacity 3998K, committed 4096K, reserved 1048576K
}
Event: 9.806 GC heap after
{Heap after GC invocations=6 (full 0):
 garbage-first heap   total 262144K, used 34641K [0x0000000740000000, 0x0000000800000000)
  region size 1024K, 2 young (2048K), 2 survivors (2048K)
 Metaspace       used 35105K, capacity 35774K, committed 35920K, reserved 1081344K
  class space    used 3724K, capacity 3998K, committed 4096K, reserved 1048576K
}
Event: 15.067 GC heap before
{Heap before GC invocations=7 (full 0):
 garbage-first heap   total 262144K, used 93009K [0x0000000740000000, 0x0000000800000000)
  region size 1024K, 60 young (61440K), 2 survivors (2048K)
 Metaspace       used 43721K, capacity 44634K, committed 44880K, reserved 1089536K
  class space    used 4943K, capacity 5306K, committed 5376K, reserved 1048576K
}
Event: 15.079 GC heap after
{Heap after GC invocations=8 (full 0):
 garbage-first heap   total 262144K, used 39624K [0x0000000740000000, 0x0000000800000000)
  region size 1024K, 7 young (7168K), 7 survivors (7168K)
 Metaspace       used 43721K, capacity 44634K, committed 44880K, reserved 1089536K
  class space    used 4943K, capacity 5306K, committed 5376K, reserved 1048576K
}
Event: 21.964 GC heap before
{Heap before GC invocations=9 (full 0):
 garbage-first heap   total 262144K, used 92872K [0x0000000740000000, 0x0000000800000000)
  region size 1024K, 60 young (61440K), 7 survivors (7168K)
 Metaspace       used 49208K, capacity 50176K, committed 50384K, reserved 1093632K
  class space    used 5555K, capacity 5971K, committed 6016K, reserved 1048576K
}
Event: 21.982 GC heap after
{Heap after GC invocations=10 (full 0):
 garbage-first heap   total 262144K, used 46879K [0x0000000740000000, 0x0000000800000000)
  region size 1024K, 8 young (8192K), 8 survivors (8192K)
 Metaspace       used 49208K, capacity 50176K, committed 50384K, reserved 1093632K
  class space    used 5555K, capacity 5971K, committed 6016K, reserved 1048576K
}
Event: 24.764 GC heap before
{Heap before GC invocations=10 (full 0):
 garbage-first heap   total 262144K, used 100127K [0x0000000740000000, 0x0000000800000000)
  region size 1024K, 60 young (61440K), 8 survivors (8192K)
 Metaspace       used 51741K, capacity 52738K, committed 53072K, reserved 1095680K
  class space    used 5913K, capacity 6326K, committed 6400K, reserved 1048576K
}
Event: 24.777 GC heap after
{Heap after GC invocations=11 (full 0):
 garbage-first heap   total 262144K, used 50262K [0x0000000740000000, 0x0000000800000000)
  region size 1024K, 7 young (7168K), 7 survivors (7168K)
 Metaspace       used 51741K, capacity 52738K, committed 53072K, reserved 1095680K
  class space    used 5913K, capacity 6326K, committed 6400K, reserved 1048576K
}
Event: 28.294 GC heap before
{Heap before GC invocations=11 (full 0):
 garbage-first heap   total 262144K, used 103510K [0x0000000740000000, 0x0000000800000000)
  region size 1024K, 60 young (61440K), 7 survivors (7168K)
 Metaspace       used 57647K, capacity 58624K, committed 58832K, reserved 1101824K
  class space    used 7022K, capacity 7450K, committed 7552K, reserved 1048576K
}
Event: 28.310 GC heap after
{Heap after GC invocations=12 (full 0):
 garbage-first heap   total 262144K, used 54117K [0x0000000740000000, 0x0000000800000000)
  region size 1024K, 6 young (6144K), 6 survivors (6144K)
 Metaspace       used 57647K, capacity 58624K, committed 58832K, reserved 1101824K
  class space    used 7022K, capacity 7450K, committed 7552K, reserved 1048576K
}
Event: 37.847 GC heap before
{Heap before GC invocations=12 (full 0):
 garbage-first heap   total 262144K, used 122725K [0x0000000740000000, 0x0000000800000000)
  region size 1024K, 58 young (59392K), 6 survivors (6144K)
 Metaspace       used 61440K, capacity 62829K, committed 62928K, reserved 1103872K
  class space    used 7635K, capacity 8250K, committed 8320K, reserved 1048576K
}
Event: 37.931 GC heap after
{Heap after GC invocations=13 (full 1):
 garbage-first heap   total 262144K, used 66433K [0x0000000740000000, 0x0000000800000000)
  region size 1024K, 0 young (0K), 0 survivors (0K)
 Metaspace       used 61440K, capacity 62829K, committed 62928K, reserved 1103872K
  class space    used 7635K, capacity 8250K, committed 8320K, reserved 1048576K
}
Event: 48.452 GC heap before
{Heap before GC invocations=13 (full 1):
 garbage-first heap   total 262144K, used 73601K [0x0000000740000000, 0x0000000800000000)
  region size 1024K, 8 young (8192K), 0 survivors (0K)
 Metaspace       used 61766K, capacity 63210K, committed 63440K, reserved 1103872K
  class space    used 7649K, capacity 8290K, committed 8320K, reserved 1048576K
}
Event: 48.514 GC heap after
{Heap after GC invocations=14 (full 2):
 garbage-first heap   total 262144K, used 63998K [0x0000000740000000, 0x0000000800000000)
  region size 1024K, 0 young (0K), 0 survivors (0K)
 Metaspace       used 61766K, capacity 63210K, committed 63440K, reserved 1103872K
  class space    used 7649K, capacity 8290K, committed 8320K, reserved 1048576K
}

Deoptimization events (20 events):
Event: 32.499 Thread 0x00000194132a2800 DEOPT PACKING pc=0x0000019407bfd5a4 sp=0x0000005da7ef8f70
Event: 32.499 Thread 0x00000194132a2800 DEOPT UNPACKING pc=0x00000194000268af sp=0x0000005da7ef8ef8 mode 2
Event: 32.676 Thread 0x00000194132a2800 DEOPT PACKING pc=0x0000019401ac3950 sp=0x0000005da7ef56c0
Event: 32.676 Thread 0x00000194132a2800 DEOPT UNPACKING pc=0x000001940002705e sp=0x0000005da7ef4a88 mode 0
Event: 32.871 Thread 0x00000194132a2800 Uncommon trap: trap_request=0xffffff4d fr.pc=0x00000194080425d8 relative=0x00000000000001b8
Event: 32.871 Thread 0x00000194132a2800 Uncommon trap: reason=unstable_if action=reinterpret pc=0x00000194080425d8 method=java.util.concurrent.locks.ReentrantLock$Sync.nonfairTryAcquire(I)Z @ 34 c2
Event: 32.871 Thread 0x00000194132a2800 DEOPT PACKING pc=0x00000194080425d8 sp=0x0000005da7ef90e0
Event: 32.871 Thread 0x00000194132a2800 DEOPT UNPACKING pc=0x00000194000268af sp=0x0000005da7ef8f58 mode 2
Event: 33.521 Thread 0x00000194132a2800 DEOPT PACKING pc=0x0000019400f4f4ea sp=0x0000005da7ef59b0
Event: 33.521 Thread 0x00000194132a2800 DEOPT UNPACKING pc=0x000001940002705e sp=0x0000005da7ef4e90 mode 0
Event: 37.756 Thread 0x00000194132a2800 Uncommon trap: trap_request=0xffffff4d fr.pc=0x000001940807e5fc relative=0x000000000000005c
Event: 37.756 Thread 0x00000194132a2800 Uncommon trap: reason=unstable_if action=reinterpret pc=0x000001940807e5fc method=javax.swing.DefaultButtonModel.isArmed()Z @ 6 c2
Event: 37.756 Thread 0x00000194132a2800 DEOPT PACKING pc=0x000001940807e5fc sp=0x0000005da7ef71a0
Event: 37.756 Thread 0x00000194132a2800 DEOPT UNPACKING pc=0x00000194000268af sp=0x0000005da7ef7130 mode 2
Event: 46.829 Thread 0x00000194132a2800 DEOPT PACKING pc=0x0000019401cb8b4b sp=0x0000005da7ef92a0
Event: 46.829 Thread 0x00000194132a2800 DEOPT UNPACKING pc=0x000001940002705e sp=0x0000005da7ef8738 mode 0
Event: 47.441 Thread 0x0000019414532000 Uncommon trap: trap_request=0xffffff5c fr.pc=0x00000194080c01a4 relative=0x0000000000000084
Event: 47.441 Thread 0x0000019414532000 Uncommon trap: reason=speculate_null_assert action=make_not_entrant pc=0x00000194080c01a4 method=java.lang.invoke.LambdaFormEditor.getInCache(Ljava/lang/invoke/LambdaFormEditor$Transform;)Ljava/lang/invoke/LambdaForm; @ 58 c2
Event: 47.441 Thread 0x0000019414532000 DEOPT PACKING pc=0x00000194080c01a4 sp=0x0000005da83fdc60
Event: 47.441 Thread 0x0000019414532000 DEOPT UNPACKING pc=0x00000194000268af sp=0x0000005da83fdbc8 mode 2

Classes redefined (0 events):
No events

Internal exceptions (20 events):
Event: 31.597 Thread 0x00000194132a2800 Exception <a 'java/lang/NoSuchMethodError'{0x000000074df6fa80}: 'java.lang.Object java.lang.invoke.DirectMethodHandle$Holder.invokeStatic(java.lang.Object, java.lang.Object, java.lang.Object, java.lang.Object, java.lang.Object, java.lang.Object, java.lang.Object, int)'> (0x000000074df6fa80) thrown at [./src/hotspot/share/interpreter/linkResolver.cpp, line 773]
Event: 31.598 Thread 0x00000194132a2800 Exception <a 'java/lang/NoSuchMethodError'{0x000000074df87f70}: 'java.lang.Object java.lang.invoke.DirectMethodHandle$Holder.invokeStatic(java.lang.Object, java.lang.Object, java.lang.Object, java.lang.Object, java.lang.Object, java.lang.Object, java.lang.Object, int, int)'> (0x000000074df87f70) thrown at [./src/hotspot/share/interpreter/linkResolver.cpp, line 773]
Event: 31.643 Thread 0x00000194132a2800 Exception <a 'java/lang/NoSuchMethodError'{0x000000074dfa18e0}: 'java.lang.Object java.lang.invoke.DirectMethodHandle$Holder.invokeStatic(java.lang.Object, java.lang.Object, java.lang.Object, java.lang.Object, java.lang.Object, java.lang.Object, java.lang.Object, int, int, java.lang.Object)'> (0x000000074dfa18e0) thrown at [./src/hotspot/share/interpreter/linkResolver.cpp, line 773]
Event: 31.646 Thread 0x00000194132a2800 Exception <a 'java/lang/NoSuchMethodError'{0x000000074dfbc7c0}: 'java.lang.Object java.lang.invoke.DirectMethodHandle$Holder.invokeStatic(java.lang.Object, java.lang.Object, java.lang.Object, java.lang.Object, java.lang.Object, java.lang.Object, java.lang.Object, int, int, java.lang.Object, java.lang.Object)'> (0x000000074dfbc7c0) thrown at [./src/hotspot/share/interpreter/linkResolver.cpp, line 773]
Event: 31.647 Thread 0x00000194132a2800 Exception <a 'java/lang/NoSuchMethodError'{0x000000074dfd8aa0}: 'java.lang.Object java.lang.invoke.DirectMethodHandle$Holder.invokeStatic(java.lang.Object, java.lang.Object, java.lang.Object, java.lang.Object, java.lang.Object, java.lang.Object, java.lang.Object, int, int, java.lang.Object, java.lang.Object, java.lang.Object)'> (0x000000074dfd8aa0) thrown at [./src/hotspot/share/interpreter/linkResolver.cpp, line 773]
Event: 31.648 Thread 0x00000194132a2800 Exception <a 'java/lang/NoSuchMethodError'{0x000000074dff67d0}: 'java.lang.Object java.lang.invoke.DirectMethodHandle$Holder.invokeStatic(java.lang.Object, java.lang.Object, java.lang.Object, java.lang.Object, java.lang.Object, java.lang.Object, java.lang.Object, int, int, java.lang.Object, java.lang.Object, java.lang.Object, java.lang.Object)'> (0x000000074dff67d0) thrown at [./src/hotspot/share/interpreter/linkResolver.cpp, line 773]
Event: 32.122 Thread 0x000001941452e000 Implicit null exception at 0x0000019407f34c76 to 0x0000019407f34d40
Event: 32.146 Thread 0x000001941452e000 Exception <a 'java/lang/NoSuchMethodError'{0x000000074d7032e0}: 'java.lang.Object java.lang.invoke.DirectMethodHandle$Holder.invokeSpecial(java.lang.Object, java.lang.Object, int, int, int, java.lang.Object, java.lang.Object, java.lang.Object)'> (0x000000074d7032e0) thrown at [./src/hotspot/share/interpreter/linkResolver.cpp, line 773]
Event: 32.146 Thread 0x000001941452e000 Exception <a 'java/lang/NoSuchMethodError'{0x000000074d706920}: 'java.lang.Object java.lang.invoke.DelegatingMethodHandle$Holder.reinvoke_L(java.lang.Object, int, int, int, java.lang.Object, java.lang.Object, java.lang.Object)'> (0x000000074d706920) thrown at [./src/hotspot/share/interpreter/linkResolver.cpp, line 773]
Event: 32.148 Thread 0x000001941452e000 Exception <a 'java/lang/NoSuchMethodError'{0x000000074d726c10}: 'java.lang.Object java.lang.invoke.DirectMethodHandle$Holder.invokeStatic(java.lang.Object, java.lang.Object, java.lang.Object, java.lang.Object, java.lang.Object, int, int, java.lang.Object, java.lang.Object)'> (0x000000074d726c10) thrown at [./src/hotspot/share/interpreter/linkResolver.cpp, line 773]
Event: 32.149 Thread 0x000001941452e000 Exception <a 'java/lang/NoSuchMethodError'{0x000000074d7c0ac0}: 'java.lang.Object java.lang.invoke.DirectMethodHandle$Holder.invokeStatic(java.lang.Object, java.lang.Object, java.lang.Object, java.lang.Object, java.lang.Object, int, int, java.lang.Object, java.lang.Object, java.lang.Object)'> (0x000000074d7c0ac0) thrown at [./src/hotspot/share/interpreter/linkResolver.cpp, line 773]
Event: 32.586 Thread 0x00000194132a2800 Exception <a 'java/lang/NoSuchMethodError'{0x000000074d2b6ee8}: 'java.lang.Object java.lang.invoke.DirectMethodHandle$Holder.invokeStaticInit(java.lang.Object, java.lang.Object, java.lang.Object)'> (0x000000074d2b6ee8) thrown at [./src/hotspot/share/interpreter/linkResolver.cpp, line 773]
Event: 32.600 Thread 0x00000194132a2800 Exception <a 'java/lang/NoSuchMethodError'{0x000000074d154c70}: 'java.lang.Object java.lang.invoke.DirectMethodHandle$Holder.invokeSpecial(java.lang.Object, java.lang.Object, int, int, int, java.lang.Object, java.lang.Object, java.lang.Object, java.lang.Object, int)'> (0x000000074d154c70) thrown at [./src/hotspot/share/interpreter/linkResolver.cpp, line 773]
Event: 32.601 Thread 0x00000194132a2800 Exception <a 'java/lang/NoSuchMethodError'{0x000000074d158908}: 'java.lang.Object java.lang.invoke.DelegatingMethodHandle$Holder.reinvoke_L(java.lang.Object, int, int, int, java.lang.Object, java.lang.Object, java.lang.Object, java.lang.Object, int)'> (0x000000074d158908) thrown at [./src/hotspot/share/interpreter/linkResolver.cpp, line 773]
Event: 32.603 Thread 0x00000194132a2800 Exception <a 'java/lang/NoSuchMethodError'{0x000000074d1a67e8}: 'java.lang.Object java.lang.invoke.DirectMethodHandle$Holder.invokeSpecial(java.lang.Object, java.lang.Object, java.lang.Object, java.lang.Object, java.lang.Object, java.lang.Object, int)'> (0x000000074d1a67e8) thrown at [./src/hotspot/share/interpreter/linkResolver.cpp, line 773]
Event: 32.603 Thread 0x00000194132a2800 Exception <a 'java/lang/NoSuchMethodError'{0x000000074d1a9ec0}: 'java.lang.Object java.lang.invoke.DelegatingMethodHandle$Holder.reinvoke_L(java.lang.Object, java.lang.Object, java.lang.Object, java.lang.Object, java.lang.Object, int)'> (0x000000074d1a9ec0) thrown at [./src/hotspot/share/interpreter/linkResolver.cpp, line 773]
Event: 32.604 Thread 0x00000194132a2800 Exception <a 'java/lang/NoSuchMethodError'{0x000000074d1b8068}: 'java.lang.Object java.lang.invoke.Invokers$Holder.linkToTargetMethod(java.lang.Object, java.lang.Object, java.lang.Object, java.lang.Object, int, java.lang.Object)'> (0x000000074d1b8068) thrown at [./src/hotspot/share/interpreter/linkResolver.cpp, line 773]
Event: 37.755 Thread 0x00000194132a2800 Exception <a 'java/lang/NoSuchMethodError'{0x000000074cc40b10}: 'java.lang.Object java.lang.invoke.DelegatingMethodHandle$Holder.reinvoke_L(java.lang.Object, int, java.lang.Object, int)'> (0x000000074cc40b10) thrown at [./src/hotspot/share/interpreter/linkResolver.cpp, line 773]
Event: 47.155 Thread 0x000001941452e000 Exception <a 'ui/frmwork/cmd/CommandFailedException'{0x000000074fa0d3c0}> (0x000000074fa0d3c0) thrown at [./src/hotspot/share/prims/jni.cpp, line 615]
Event: 47.440 Thread 0x0000019414532000 Exception <a 'java/lang/NoSuchMethodError'{0x000000074fa26e98}: 'java.lang.Object java.lang.invoke.DirectMethodHandle$Holder.invokeStatic(java.lang.Object, long)'> (0x000000074fa26e98) thrown at [./src/hotspot/share/interpreter/linkResolver.cpp, line 773]

Events (20 events):
Event: 80.246 Executing VM operation: RevokeBias done
Event: 80.246 Thread 0x000001941452e000 Thread exited: 0x000001941452e000
Event: 90.265 Thread 0x000001941452e000 Thread added: 0x000001941452e000
Event: 90.303 Executing VM operation: RevokeBias
Event: 90.303 Executing VM operation: RevokeBias done
Event: 90.303 Thread 0x000001941452e000 Thread exited: 0x000001941452e000
Event: 98.735 Loaded shared library D:\Vivado\Vivado\2022.2\lib\win64.o\librdi_common.dll
Event: 100.266 Thread 0x000001941452e000 Thread added: 0x000001941452e000
Event: 100.274 Executing VM operation: RevokeBias
Event: 100.274 Executing VM operation: RevokeBias done
Event: 100.274 Thread 0x000001941452e000 Thread exited: 0x000001941452e000
Event: 110.266 Thread 0x0000019414532000 Thread added: 0x0000019414532000
Event: 110.274 Executing VM operation: RevokeBias
Event: 110.274 Executing VM operation: RevokeBias done
Event: 110.274 Thread 0x0000019414532000 Thread exited: 0x0000019414532000
Event: 120.270 Thread 0x000001941452f800 Thread added: 0x000001941452f800
Event: 120.282 Executing VM operation: RevokeBias
Event: 120.283 Executing VM operation: RevokeBias done
Event: 120.283 Thread 0x000001941452f800 Thread exited: 0x000001941452f800
Event: 127.480 Thread 0x000001942931d800 Thread added: 0x000001942931d800


Dynamic libraries:
0x00007ff780cf0000 - 0x00007ff780d21000 	D:\Vivado\Vivado\2022.2\bin\unwrapped\win64.o\vivado.exe
0x00007ffbe6930000 - 0x00007ffbe6b28000 	C:\WINDOWS\SYSTEM32\ntdll.dll
0x00007ffbe58f0000 - 0x00007ffbe59af000 	C:\WINDOWS\System32\KERNEL32.DLL
0x00007ffbe4030000 - 0x00007ffbe4302000 	C:\WINDOWS\System32\KERNELBASE.dll
0x00007ffbe4560000 - 0x00007ffbe4660000 	C:\WINDOWS\System32\ucrtbase.dll
0x00007ffb47720000 - 0x00007ffb48b51000 	D:\Vivado\Vivado\2022.2\lib\win64.o\librdi_common.dll
0x00007ffbe59b0000 - 0x00007ffbe5b51000 	C:\WINDOWS\System32\USER32.dll
0x00007ffbe4500000 - 0x00007ffbe4522000 	C:\WINDOWS\System32\win32u.dll
0x00007ffbe52c0000 - 0x00007ffbe52eb000 	C:\WINDOWS\System32\GDI32.dll
0x00007ffbe4660000 - 0x00007ffbe476f000 	C:\WINDOWS\System32\gdi32full.dll
0x00007ffbe4380000 - 0x00007ffbe441d000 	C:\WINDOWS\System32\msvcp_win.dll
0x00007ffbe5f70000 - 0x00007ffbe601e000 	C:\WINDOWS\System32\ADVAPI32.dll
0x00007ffbe5300000 - 0x00007ffbe539e000 	C:\WINDOWS\System32\msvcrt.dll
0x00007ffbe6840000 - 0x00007ffbe68dc000 	C:\WINDOWS\System32\sechost.dll
0x00007ffbe65f0000 - 0x00007ffbe6714000 	C:\WINDOWS\System32\RPCRT4.dll
0x00007ffbe4980000 - 0x00007ffbe50c5000 	C:\WINDOWS\System32\SHELL32.dll
0x00007ffbe4310000 - 0x00007ffbe4379000 	C:\WINDOWS\System32\WINTRUST.dll
0x00007ffbe5c40000 - 0x00007ffbe5cab000 	C:\WINDOWS\System32\WS2_32.dll
0x00007ffbe4530000 - 0x00007ffbe4557000 	C:\WINDOWS\System32\bcrypt.dll
0x00007ffbd5990000 - 0x00007ffbd59a8000 	D:\Vivado\Vivado\2022.2\lib\win64.o\librdi_commonmain.dll
0x00007ffbc8d60000 - 0x00007ffbc8dee000 	C:\WINDOWS\SYSTEM32\MSVCP140.dll
0x00007ffbc8df0000 - 0x00007ffbc8e0b000 	C:\WINDOWS\SYSTEM32\VCRUNTIME140.dll
0x00007ffb65560000 - 0x00007ffb658ce000 	D:\Vivado\Vivado\2022.2\lib\win64.o\libCOIN-all.dll
0x00007ffbc2b40000 - 0x00007ffbc2b51000 	D:\Vivado\Vivado\2022.2\lib\win64.o\libboost_date_time.dll
0x00007ffbd5800000 - 0x00007ffbd5821000 	D:\Vivado\Vivado\2022.2\lib\win64.o\libboost_filesystem.dll
0x00007ffb9eee0000 - 0x00007ffb9ef59000 	D:\Vivado\Vivado\2022.2\lib\win64.o\libboost_program_options.dll
0x00007ffb909b0000 - 0x00007ffb90ac4000 	D:\Vivado\Vivado\2022.2\lib\win64.o\libboost_regex.dll
0x00007ffbbef40000 - 0x00007ffbbef5c000 	D:\Vivado\Vivado\2022.2\lib\win64.o\libboost_thread.dll
0x00007ffbbef30000 - 0x00007ffbbef3c000 	D:\Vivado\Vivado\2022.2\lib\win64.o\libboost_xilinx.dll
0x00007ffb969c0000 - 0x00007ffb96a42000 	D:\Vivado\Vivado\2022.2\lib\win64.o\libhdlpsolve.dll
0x00007ffb80e60000 - 0x00007ffb80f05000 	D:\Vivado\Vivado\2022.2\lib\win64.o\libhdxml.dll
0x00007ffb49470000 - 0x00007ffb4a3ed200 	D:\Vivado\Vivado\2022.2\lib\win64.o\libisl_iostreams.dll
0x00007ffbb9720000 - 0x00007ffbb974a000 	D:\Vivado\Vivado\2022.2\lib\win64.o\libisl_sysinfo.dll
0x00007ffba9a30000 - 0x00007ffba9a95000 	D:\Vivado\Vivado\2022.2\lib\win64.o\liblmx6.0.dll
0x00007ffbbd300000 - 0x00007ffbbd31a000 	D:\Vivado\Vivado\2022.2\lib\win64.o\pthreadVC2.dll
0x00007ffb6cde0000 - 0x00007ffb6cf95000 	D:\Vivado\Vivado\2022.2\lib\win64.o\librdi_commonxillic.dll
0x00007ffbba530000 - 0x00007ffbba54c000 	D:\Vivado\Vivado\2022.2\lib\win64.o\librdiconfig.dll
0x00007ffbe5cb0000 - 0x00007ffbe5d05000 	C:\WINDOWS\System32\SHLWAPI.dll
0x00007ffbb9840000 - 0x00007ffbb9861000 	D:\Vivado\Vivado\2022.2\lib\win64.o\librdizlib.dll
0x0000000055e10000 - 0x0000000055f3b000 	D:\Vivado\Vivado\2022.2\lib\win64.o\tcl85t.dll
0x00007ffb62300000 - 0x00007ffb625c1000 	D:\Vivado\Vivado\2022.2\lib\win64.o\xerces-c_3_2.dll
0x00007ffbcb4e0000 - 0x00007ffbcb4f9000 	C:\WINDOWS\SYSTEM32\NETAPI32.dll
0x00007ffbbfb60000 - 0x00007ffbc0039000 	C:\WINDOWS\SYSTEM32\WININET.dll
0x00007ffbd28f0000 - 0x00007ffbd2adc000 	C:\WINDOWS\SYSTEM32\urlmon.dll
0x00007ffbd9230000 - 0x00007ffbd933a000 	C:\WINDOWS\SYSTEM32\WINHTTP.dll
0x00007ffb43e70000 - 0x00007ffb45d87000 	D:\Vivado\Vivado\2022.2\lib\win64.o\gurobi90.dll
0x00007ffbe4820000 - 0x00007ffbe4976000 	C:\WINDOWS\System32\CRYPT32.dll
0x00007ffbde9e0000 - 0x00007ffbde9e9000 	C:\WINDOWS\SYSTEM32\WSOCK32.dll
0x00007ffbe51b0000 - 0x00007ffbe5206000 	C:\WINDOWS\System32\WLDAP32.dll
0x00007ffbe58e0000 - 0x00007ffbe58e8000 	C:\WINDOWS\System32\Normaliz.dll
0x00007ffbb1a80000 - 0x00007ffbb1ab1000 	C:\WINDOWS\SYSTEM32\VCOMP140.DLL
0x00007ffbdd9e0000 - 0x00007ffbdd9e9000 	D:\Vivado\Vivado\2022.2\lib\win64.o\librdi_commonversion.dll
0x00007ffbc8d50000 - 0x00007ffbc8d5c000 	C:\WINDOWS\SYSTEM32\VCRUNTIME140_1.dll
0x00007ffbbf100000 - 0x00007ffbbf118000 	D:\Vivado\Vivado\2022.2\lib\win64.o\libboost_iostreams.dll
0x00007ffbba830000 - 0x00007ffbba854000 	D:\Vivado\Vivado\2022.2\lib\win64.o\libisl_iosutils.dll
0x00007ffb6cac0000 - 0x00007ffb6cdd6000 	D:\Vivado\Vivado\2022.2\lib\win64.o\libXil_lmgr11.dll
0x00007ffbe50d0000 - 0x00007ffbe51aa000 	C:\WINDOWS\System32\COMDLG32.dll
0x00007ffbe6270000 - 0x00007ffbe65c5000 	C:\WINDOWS\System32\combase.dll
0x00007ffbe5210000 - 0x00007ffbe52bd000 	C:\WINDOWS\System32\shcore.dll
0x00007ffbd2eb0000 - 0x00007ffbd3161000 	C:\WINDOWS\SYSTEM32\iertutil.dll
0x00007ffbe5810000 - 0x00007ffbe58dd000 	C:\WINDOWS\System32\OLEAUT32.dll
0x00007ffbd9200000 - 0x00007ffbd9228000 	C:\WINDOWS\SYSTEM32\srvcli.dll
0x00007ffbe6020000 - 0x00007ffbe614a000 	C:\WINDOWS\System32\ole32.dll
0x00007ffbe3510000 - 0x00007ffbe351c000 	C:\WINDOWS\SYSTEM32\netutils.dll
0x00007ffbbc720000 - 0x00007ffbbc7d0000 	C:\WINDOWS\WinSxS\amd64_microsoft.windows.common-controls_6595b64144ccf1df_5.82.19041.1110_none_792d1c772443f647\COMCTL32.dll
0x00007ffbd9ab0000 - 0x00007ffbd9acd000 	C:\WINDOWS\SYSTEM32\dhcpcsvc.DLL
0x00007ffbe3f30000 - 0x00007ffbe3f5e000 	C:\WINDOWS\SYSTEM32\USERENV.dll
0x00007ffbe3710000 - 0x00007ffbe377a000 	C:\WINDOWS\SYSTEM32\MSWSOCK.DLL
0x00007ffbe6720000 - 0x00007ffbe6750000 	C:\WINDOWS\System32\IMM32.DLL
0x00007ffbe3b40000 - 0x00007ffbe3b52000 	C:\WINDOWS\SYSTEM32\MSASN1.dll
0x00007ffbe3910000 - 0x00007ffbe3928000 	C:\WINDOWS\SYSTEM32\CRYPTSP.dll
0x00007ffbe2880000 - 0x00007ffbe2892000 	C:\WINDOWS\SYSTEM32\kernel.appcore.dll
0x00007ffbe3030000 - 0x00007ffbe3064000 	C:\WINDOWS\system32\rsaenh.dll
0x00007ffbe3900000 - 0x00007ffbe390c000 	C:\WINDOWS\SYSTEM32\CRYPTBASE.dll
0x00007ffbe4470000 - 0x00007ffbe44f2000 	C:\WINDOWS\System32\bcryptPrimitives.dll
0x00007ffbe65d0000 - 0x00007ffbe65ed000 	C:\WINDOWS\System32\imagehlp.dll
0x00007ffb4d9e0000 - 0x00007ffb4df13000 	D:\Vivado\Vivado\2022.2\lib\win64.o\librdi_commontasks.dll
0x00007ffb46bd0000 - 0x00007ffb4771d000 	D:\Vivado\Vivado\2022.2\tps\win64\jre11.0.11_9\bin\server\jvm.dll
0x00007ffbe68e0000 - 0x00007ffbe68e8000 	C:\WINDOWS\System32\PSAPI.DLL
0x00007ffb61fd0000 - 0x00007ffb622f5a00 	D:\Vivado\Vivado\2022.2\lib\win64.o\librdi_sio.dll
0x00007ffbddc40000 - 0x00007ffbddc4a000 	C:\WINDOWS\SYSTEM32\VERSION.dll
0x00007ffbd46a0000 - 0x00007ffbd46c7000 	C:\WINDOWS\SYSTEM32\WINMM.dll
0x00007ffbe3400000 - 0x00007ffbe343b000 	C:\WINDOWS\SYSTEM32\IPHLPAPI.DLL
0x00007ffbe3ef0000 - 0x00007ffbe3f22000 	C:\WINDOWS\SYSTEM32\SspiCli.dll
0x00007ffbde740000 - 0x00007ffbde757000 	C:\WINDOWS\system32\napinsp.dll
0x00007ffbd5a40000 - 0x00007ffbd5a5b000 	C:\WINDOWS\system32\pnrpnsp.dll
0x00007ffbdf130000 - 0x00007ffbdf145000 	C:\WINDOWS\system32\wshbth.dll
0x00007ffbdd3c0000 - 0x00007ffbdd3dd000 	C:\WINDOWS\system32\NLAapi.dll
0x00007ffbe3440000 - 0x00007ffbe350b000 	C:\WINDOWS\SYSTEM32\DNSAPI.dll
0x00007ffbe52f0000 - 0x00007ffbe52f8000 	C:\WINDOWS\System32\NSI.dll
0x00007ffbde760000 - 0x00007ffbde772000 	C:\WINDOWS\System32\winrnr.dll
0x00007ffbe1e10000 - 0x00007ffbe25a2000 	C:\WINDOWS\SYSTEM32\windows.storage.dll
0x00007ffbe39b0000 - 0x00007ffbe39e0000 	C:\WINDOWS\SYSTEM32\Wldp.dll
0x00007ffb40550000 - 0x00007ffb43275000 	D:\Vivado\Vivado\2022.2\lib\win64.o\librdi_tcltasks.dll
0x00007ffba73e0000 - 0x00007ffba7424000 	D:\Vivado\Vivado\2022.2\lib\win64.o\libboost_serialization.dll
0x00007ffb4d500000 - 0x00007ffb4d9dd000 	D:\Vivado\Vivado\2022.2\lib\win64.o\librdi_bitstream.dll
0x00007ffb65370000 - 0x00007ffb65553000 	D:\Vivado\Vivado\2022.2\lib\win64.o\librdi_board.dll
0x00007ffb9e6d0000 - 0x00007ffb9e750000 	D:\Vivado\Vivado\2022.2\lib\win64.o\librdi_boarddep.dll
0x00007ffb6c860000 - 0x00007ffb6c987000 	D:\Vivado\Vivado\2022.2\lib\win64.o\librdi_chipscope.dll
0x00007ffb61630000 - 0x00007ffb61832000 	D:\Vivado\Vivado\2022.2\lib\win64.o\librdi_chipscopeimpl.dll
0x00007ffb3c310000 - 0x00007ffb3e53c000 	D:\Vivado\Vivado\2022.2\lib\win64.o\librdi_constraints.dll
0x00007ffb61e60000 - 0x00007ffb61fc5000 	D:\Vivado\Vivado\2022.2\lib\win64.o\librdi_containers.dll
0x00007ffb35cc0000 - 0x00007ffb382a5000 	D:\Vivado\Vivado\2022.2\lib\win64.o\librdi_coregen.dll
0x00007ffb3e540000 - 0x00007ffb4054d000 	D:\Vivado\Vivado\2022.2\lib\win64.o\librdi_designutils.dll
0x00007ffb3ae20000 - 0x00007ffb3c305000 	D:\Vivado\Vivado\2022.2\lib\win64.o\librdi_device.dll
0x00007ffb464f0000 - 0x00007ffb46bcb000 	D:\Vivado\Vivado\2022.2\lib\win64.o\librdi_drc.dll
0x00007ffb61cd0000 - 0x00007ffb61d84000 	D:\Vivado\Vivado\2022.2\lib\win64.o\librdi_dsp.dll
0x00007ffb48dd0000 - 0x00007ffb49465000 	D:\Vivado\Vivado\2022.2\lib\win64.o\librdi_filemgmt.dll
0x00007ffb461c0000 - 0x00007ffb464eb000 	D:\Vivado\Vivado\2022.2\lib\win64.o\librdi_guitools.dll
0x00007ffb4f5d0000 - 0x00007ffb4f88d000 	D:\Vivado\Vivado\2022.2\lib\win64.o\librdi_hip_devdesign.dll
0x00007ffb9f1f0000 - 0x00007ffb9f25b000 	D:\Vivado\Vivado\2022.2\lib\win64.o\librdi_hdf.dll
0x00007ffb61360000 - 0x00007ffb614a7000 	D:\Vivado\Vivado\2022.2\lib\win64.o\librdi_hip_perf_analysis.dll
0x00007ffb390c0000 - 0x00007ffb39fdb000 	D:\Vivado\Vivado\2022.2\lib\win64.o\librdi_implflow.dll
0x00007ffb39fe0000 - 0x00007ffb3ae13000 	D:\Vivado\Vivado\2022.2\lib\win64.o\librdi_ippcw.dll
0x00007ffb38910000 - 0x00007ffb390b1000 	D:\Vivado\Vivado\2022.2\lib\win64.o\librdi_lopt.dll
0x00007ffb382b0000 - 0x00007ffb38905000 	D:\Vivado\Vivado\2022.2\lib\win64.o\librdi_memdata.dll
0x00007ffb9ac20000 - 0x00007ffb9ac9d000 	D:\Vivado\Vivado\2022.2\lib\win64.o\librdi_memoryarray.dll
0x00007ffb333f0000 - 0x00007ffb35cb5000 	D:\Vivado\Vivado\2022.2\lib\win64.o\librdi_mig.dll
0x00007ffb32c80000 - 0x00007ffb333ed000 	D:\Vivado\Vivado\2022.2\lib\win64.o\librdi_netlist.dll
0x00007ffb9def0000 - 0x00007ffb9df4b000 	D:\Vivado\Vivado\2022.2\lib\win64.o\librdi_pfi.dll
0x00007ffb2e6d0000 - 0x00007ffb317f0000 	D:\Vivado\Vivado\2022.2\lib\win64.o\librdi_place.dll
0x00007ffb31f30000 - 0x00007ffb323a0000 	D:\Vivado\Vivado\2022.2\lib\win64.o\librdi_platform.dll
0x00007ffb323a0000 - 0x00007ffb32c74000 	D:\Vivado\Vivado\2022.2\lib\win64.o\librdi_power.dll
0x00007ffb2df60000 - 0x00007ffb2e6c7000 	D:\Vivado\Vivado\2022.2\lib\win64.o\librdi_project.dll
0x00007ffb317f0000 - 0x00007ffb31f25000 	D:\Vivado\Vivado\2022.2\lib\win64.o\librdi_psta.dll
0x00007ffb2d610000 - 0x00007ffb2df60000 	D:\Vivado\Vivado\2022.2\lib\win64.o\librdi_rsb.dll
0x00007ffb2d0a0000 - 0x00007ffb2d603000 	D:\Vivado\Vivado\2022.2\lib\win64.o\librdi_runs.dll
0x00007ffb61bb0000 - 0x00007ffb61cc9000 	D:\Vivado\Vivado\2022.2\lib\win64.o\librdi_runsbase.dll

dbghelp: loaded successfully - version: 4.0.5 - missing functions: none
symbol engine: initialized successfully - sym options: 0x614 - pdb path: .;D:\Vivado\Vivado\2022.2\bin\unwrapped\win64.o;C:\WINDOWS\SYSTEM32;D:\Vivado\Vivado\2022.2\lib\win64.o;C:\WINDOWS\WinSxS\amd64_microsoft.windows.common-controls_6595b64144ccf1df_5.82.19041.1110_none_792d1c772443f647;D:\Vivado\Vivado\2022.2\tps\win64\jre11.0.11_9\bin\server;D:\Vivado\Vivado\2022.2\tps\win64\python-3.8.3;D:\Vivado\Vivado\2022.2\tps\win64\jre11.0.11_9\bin;C:\WINDOWS\WinSxS\amd64_microsoft.windows.common-controls_6595b64144ccf1df_6.0.19041.1110_none_60b5254171f9507e

VM Arguments:
jvm_args: -Dsun.java2d.pmoffscreen=false -Dhttps.protocols=TLSv1,TLSv1.1,TLSv1.2 -Dsun.java2d.xrender=false -Dsun.java2d.d3d=false -Dsun.awt.nopixfmt=true -Dsun.java2d.dpiaware=true -Dsun.java2d.uiScale.enabled=false -Xverify:none -Dswing.aatext=true -XX:-UsePerfData -Djdk.map.althashing.threshold=512 -XX:StringTableSize=4072 --add-opens=java.desktop/com.sun.awt=ALL-UNNAMED --add-opens=java.desktop/javax.swing.plaf.synth=ALL-UNNAMED --add-opens=java.base/java.nio=ALL-UNNAMED --add-opens=java.desktop/sun.swing=ALL-UNNAMED --add-opens=java.desktop/javax.swing=ALL-UNNAMED --add-opens=java.desktop/javax.swing.tree=ALL-UNNAMED --add-opens=java.desktop/javax.swing.plaf.basic=ALL-UNNAMED --add-opens=java.desktop/javax.swing.plaf.synth=ALL-UNNAMED --add-opens=java.desktop/javax.swing.plaf.basic=ALL-UNNAMED --add-opens=java.desktop/javax.swing=ALL-UNNAMED --add-opens=java.desktop/javax.swing.tree=ALL-UNNAMED --add-opens=java.desktop/java.awt.event=ALL-UNNAMED --add-exports=java.desktop/javax.swing.plaf.synth=ALL-UNNAMED --add-exports=java.base/java.nio=ALL-UNNAMED --add-exports=java.desktop/sun.swing=ALL-UNNAMED --add-exports=java.desktop/javax.swing=ALL-UNNAMED --add-exports=java.desktop/javax.swing.tree=ALL-UNNAMED --add-exports=java.desktop/javax.swing.plaf.basic=ALL-UNNAMED --add-exports=java.desktop/sun.swing=ALL-UNNAMED --add-exports=java.desktop/sun.swing.table=ALL-UNNAMED --add-exports=java.desktop/sun.swing.plaf.synth=ALL-UNNAMED --add-exports=java.desktop/sun.awt.shell=ALL-UNNAMED --add-exports=java.base/sun.security.action=ALL-UNNAMED --add-exports=java.desktop/sun.font=ALL-UNNAMED -XX:NewSize=60m -XX:MaxNewSize=60m -Xms256m -Xmx3072m -Xss5m 
java_command: <unknown>
java_class_path (initial): D:/Vivado/Vivado/2022.2\lib\classes\alloy.jar;D:/Vivado/Vivado/2022.2\lib\classes\asm-9.3.jar;D:/Vivado/Vivado/2022.2\lib\classes\asm-analysis-9.3.jar;D:/Vivado/Vivado/2022.2\lib\classes\asm-commons-9.3.jar;D:/Vivado/Vivado/2022.2\lib\classes\asm-tree-9.3.jar;D:/Vivado/Vivado/2022.2\lib\classes\autoesl-models.jar;D:/Vivado/Vivado/2022.2\lib\classes\batik-anim.jar;D:/Vivado/Vivado/2022.2\lib\classes\batik-awt-util.jar;D:/Vivado/Vivado/2022.2\lib\classes\batik-bridge.jar;D:/Vivado/Vivado/2022.2\lib\classes\batik-codec.jar;D:/Vivado/Vivado/2022.2\lib\classes\batik-css.jar;D:/Vivado/Vivado/2022.2\lib\classes\batik-dom.jar;D:/Vivado/Vivado/2022.2\lib\classes\batik-ext.jar;D:/Vivado/Vivado/2022.2\lib\classes\batik-gui-util.jar;D:/Vivado/Vivado/2022.2\lib\classes\batik-gvt.jar;D:/Vivado/Vivado/2022.2\lib\classes\batik-parser.jar;D:/Vivado/Vivado/2022.2\lib\classes\batik-script.jar;D:/Vivado/Vivado/2022.2\lib\classes\batik-svg-dom.jar;D:/Vivado/Vivado/2022.2\lib\classes\batik-svggen.jar;D:/Vivado/Vivado/2022.2\lib\classes\batik-swing.jar;D:/Vivado/Vivado/2022.2\lib\classes\batik-transcoder.jar;D:/Vivado/Vivado/2022.2\lib\classes\batik-util.jar;D:/Vivado/Vivado/2022.2\lib\classes\batik-xml.jar;D:/Vivado/Vivado/2022.2\lib\classes\com.fasterxml.jackson.core.jackson-annotations_2.12.1.v20210128-1726.jar;D:/Vivado/Vivado/2022.2\lib\classes\com.fasterxml.jackson.core.jackson-core_2.12.1.v20210128-1726.jar;D:/Vivado/Vivado/2022.2\lib\classes\com.fasterxml.jackson.core.jackson-databind_2.12.1.v20210128-1726.jar;D:/Vivado/Vivado/2022.2\lib\classes\com.google.gson_2.8.7.v20210624-1215.jar;D:/Vivado/Vivado/2022.2\lib\classes\com.google.guava_30.1.0.v20210127-2300.jar;D:/Vivado/Vivado/2022.2\lib\classes\com.sigasi.hdt.connection_4.15.0.202201101137.jar;D:/Vivado/Vivado/2022.2\lib\classes\com.sigasi.hdt.epl_4.15.0.202201101137.jar;D:/Vivado/Vivado/2022.2\lib\classes\com.sigasi.hdt.project_4.15.0.202201101137.jar;D:/Vivado/Vivado/2022.2\lib\classes\com.sigasi
Launcher Type: generic

[Global flags]
     bool BytecodeVerificationLocal                = false                                     {product} {command line}
     bool BytecodeVerificationRemote               = false                                     {product} {command line}
     intx CICompilerCount                          = 3                                         {product} {ergonomic}
     uint ConcGCThreads                            = 1                                         {product} {ergonomic}
     uint G1ConcRefinementThreads                  = 4                                         {product} {ergonomic}
   size_t G1HeapRegionSize                         = 1048576                                   {product} {ergonomic}
    uintx GCDrainStackTargetSize                   = 64                                        {product} {ergonomic}
   size_t InitialHeapSize                          = 268435456                                 {product} {command line}
   size_t MarkStackSize                            = 4194304                                   {product} {ergonomic}
   size_t MaxHeapSize                              = 3221225472                                {product} {command line}
   size_t MaxNewSize                               = 62914560                                  {product} {command line}
   size_t MinHeapDeltaBytes                        = 1048576                                   {product} {ergonomic}
   size_t NewSize                                  = 62914560                                  {product} {command line}
    uintx NonNMethodCodeHeapSize                   = 5830732                                {pd product} {ergonomic}
    uintx NonProfiledCodeHeapSize                  = 122913754                              {pd product} {ergonomic}
    uintx ProfiledCodeHeapSize                     = 122913754                              {pd product} {ergonomic}
    uintx ReservedCodeCacheSize                    = 251658240                              {pd product} {ergonomic}
     bool SegmentedCodeCache                       = true                                      {product} {ergonomic}
    uintx StringTableSize                          = 4072                                      {product} {command line}
     intx ThreadStackSize                          = 5120                                   {pd product} {command line}
     bool UseCompressedClassPointers               = true                                 {lp64_product} {ergonomic}
     bool UseCompressedOops                        = true                                 {lp64_product} {ergonomic}
     bool UseG1GC                                  = true                                      {product} {ergonomic}
     bool UseLargePagesIndividualAllocation        = false                                  {pd product} {ergonomic}
     bool UsePerfData                              = false                                     {product} {command line}

Logging:
Log output configuration:
 #0: stdout all=warning uptime,level,tags
 #1: stderr all=off uptime,level,tags

Environment Variables:
PATH=D:/Vivado/Vivado/2022.2/bin;D:/Vivado/Vivado/2022.2/tps/win64/java-cef-95.0.4638.69/bin/lib/win64;D:/Vivado/Vivado/2022.2/tps/win64/javafx-sdk-11.0.2/lib;D:/Vivado/Vivado/2022.2/tps/win64/javafx-sdk-11.0.2/bin;D:/Vivado/Vivado/2022.2/lib/win64.o;D:/Vivado/Vivado/2022.2/tps/win64/jre11.0.11_9/bin/server;D:/Vivado/Vivado/2022.2/tps/win64/jre11.0.11_9/bin;D:/Vivado/Vitis_HLS/2022.2/bin;C:\Program Files\Common Files\Oracle\Java\javapath;C:\WINDOWS\system32;C:\WINDOWS;C:\WINDOWS\System32\Wbem;C:\WINDOWS\System32\WindowsPowerShell\v1.0\;C:\WINDOWS\System32\OpenSSH\;C:\Program Files (x86)\Intel\Intel(R) Management Engine Components\DAL;C:\Program Files\Intel\Intel(R) Management Engine Components\DAL;D:\MinGW\bin;D:\Git\cmd;D:\MATLAB\R2022b\bin;C:\Users\HP\AppData\Local\Programs\Python\Python39\Scripts\;C:\Users\HP\AppData\Local\Programs\Python\Python39\;C:\Users\HP\AppData\Local\Microsoft\WindowsApps;C:\Program Files\JetBrains\IntelliJ IDEA Community Edition 2021.2\bin;;C:\Users\HP\AppData\Local\Programs\Microsoft VS Code\bin;D:\flutter_windows_3.0.4-stable\flutter\bin;D:/Vivado/Vivado/2022.2\tps\mingw\6.2.0\win64.o\nt\bin;D:/Vivado/Vivado/2022.2\tps\mingw\6.2.0\win64.o\nt\libexec\gcc\x86_64-w64-mingw32\6.2.0;D:/Vivado/Vivado/2022.2\tps\win64\python-3.8.3;D:/Vivado/Vivado/2022.2\tps\win64\python-3.8.3\bin;D:/Vivado/Vivado/2022.2\tps\win64\python-3.8.3\lib;D:/Vivado/Vivado/2022.2\tps\win64\python-3.8.3\lib\site-packages
USERNAME=HP
OS=Windows_NT
PROCESSOR_IDENTIFIER=Intel64 Family 6 Model 142 Stepping 9, GenuineIntel



---------------  S Y S T E M  ---------------

OS: Windows 10 , 64 bit Build 19041 (10.0.19041.2546)
OS uptime: 5 days 10:11 hours

CPU:total 4 (initial active 4) (2 cores per cpu, 2 threads per core) family 6 model 142 stepping 9 microcode 0xd6, cmov, cx8, fxsr, mmx, sse, sse2, sse3, ssse3, sse4.1, sse4.2, popcnt, avx, avx2, aes, clmul, erms, rtm, 3dnowpref, lzcnt, ht, tsc, tscinvbit, bmi1, bmi2, adx, fma

Memory: 4k page, system-wide physical 15779M (2936M free)
TotalPageFile size 20921M (AvailPageFile size 0M)
current process WorkingSet (physical memory assigned to process): 852M, peak: 852M
current process commit charge ("private bytes"): 985M, peak: 1004M

vm_info: OpenJDK 64-Bit Server VM (11.0.11+9) for windows-amd64 JRE (11.0.11+9), built on Apr  9 2021 19:32:08 by "" with MS VC++ 15.5 (VS2017)

END.
